<!DOCTYPE html>
<html lang="en">
<head>
	<title>Cucumber</title>
	<meta content="text/html;charset=utf-8" http-equiv="Content-Type">
	<meta name="viewport" content="width=device-width, initial-scale=1.0">
	<link rel="icon" href="data:image/svg+xml,%3Csvg%20xmlns%3D%22http%3A%2F%2Fwww.w3.org%2F2000%2Fsvg%22%20class%3D%22ml-3%20ml-md-0%22%20viewBox%3D%220%200%2040.59%2046.31%22%20width%3D%2240.59%22%20height%3D%2246.31%22%3E%0A%20%20%20%20%3Cg%3E%0A%20%20%20%20%20%20%20%20%3Cpath%20fill%3D%22%2323d96c%22%20fill-rule%3D%22evenodd%22%20d%3D%22M30.283%203.645q-.528-.317-1.08-.593a16.164%2016.164%200%2000-1.154-.518c-.124-.052-.247-.1-.372-.149-.343-.127-.689-.268-1.042-.371a19.427%2019.427%200%2010-9.792%2037.51v5.56c11.676-1.753%2022.016-10.979%2022.787-23.093.459-7.289-3.193-14.73-9.347-18.346z%22%2F%3E%0A%20%20%20%20%20%20%20%20%3Cpath%20fill%3D%22%23173647%22%20d%3D%22M15.787%2046.307v-5.935A20.472%2020.472%200%201126.959%201.015c.274.08.557.187.832.291l.248.093c.165.064.291.113.417.167.348.137.739.313%201.208.543q.589.295%201.153.633c6.393%203.756%2010.354%2011.518%209.857%2019.316-.763%2012-10.722%2022.122-23.679%2024.067zm4.8-44.214h-.026a18.366%2018.366%200%2000-3.524%2036.408l.85.165v5.18c11.392-2.224%2020.009-11.272%2020.686-21.922.448-7.033-3.1-14.018-8.83-17.383l-.008-.005A14.691%2014.691%200%200027.654%203.5a5.74%205.74%200%2000-.344-.138l-.27-.1a9.49%209.49%200%2000-.708-.249%2018.425%2018.425%200%2000-5.743-.92z%22%2F%3E%0A%20%20%20%20%20%20%20%20%3Cpath%20fill%3D%22%23173647%22%20fill-rule%3D%22evenodd%22%20d%3D%22M16.666%2010.58a1.8%201.8%200%20011.583.608%204.184%204.184%200%2001.728%201.107c.645%201.422%201.027%203.461.23%204.605a6.334%206.334%200%2001-3.981-3.087%203.236%203.236%200%2001-.347-1.339%201.957%201.957%200%20011.787-1.894zm-5.683%208.025a7.742%207.742%200%20001.218.737%205.789%205.789%200%20004.883-.138%206.116%206.116%200%2000-3.345-3.45%203.664%203.664%200%2000-1.442-.321%201.884%201.884%200%2000-.319%200%201.766%201.766%200%2000-.995%203.172zm6.1%203.433c-.777-.518-2.379-.309-3.312-.292a4.416%204.416%200%2000-1.666.352%203.5%203.5%200%2000-1.218.738%201.817%201.817%200%20001.409%203.171%203.3%203.3%200%20001.442-.321c1.436-.62%203.141-2.32%203.346-3.648zm2.61%202a6.556%206.556%200%2000-3.724%203.506%203.091%203.091%200%2000-.321%201.314%201.907%201.907%200%20003.3%201.346%207.422%207.422%200%2000.7-1.218c.621-1.333.866-3.72.046-4.948zm2.557-7.167a5.941%205.941%200%20003.7-3.167%203.243%203.243%200%2000.319-1.346%201.915%201.915%200%2000-1.794-1.954%201.832%201.832%200%2000-1.6.641%207.382%207.382%200%2000-.705%201.218c-.62%201.434-.842%203.48.081%204.603zm4.208%2012.115a3.244%203.244%200%2000-.321-1.345%205.869%205.869%200%2000-3.554-3.269%205.386%205.386%200%2000-.226%204.711%204.147%204.147%200%2000.7%201.121c1.133%201.23%203.505.32%203.402-1.218zm4.2-6.28a7.466%207.466%200%2000-1.217-.7%204.425%204.425%200%2000-1.666-.352%206.4%206.4%200%2000-3.188.555%205.959%205.959%200%20003.316%203.386%203.672%203.672%200%20001.442.32%201.8%201.8%200%20001.31-3.209z%22%2F%3E%0A%20%20%20%20%3C%2Fg%3E%0A%3C%2Fsvg%3E">
	<style>
body{padding:0;margin:0}.html-formatter{max-width:1600px;min-height:100vh;margin:0 auto}
.XR3QM0DC8dUJX1FPQBu_{background-color:var(--cucumber-panel-accent-color, #e8e8e8);border:1px solid rgba(0,0,0,0)}.jjG3rnQfHnX9wBgX_idP{display:grid;grid-template-columns:repeat(12, 1fr);grid-template-rows:1fr 1fr;gap:1px;margin:0;text-align:center}.rfv832DGvJuGyzFuMjXC{grid-column-end:span 4;display:flex;flex-direction:column-reverse;justify-content:center;padding:1.5em;background-color:var(--cucumber-background-color, white);color:var(--cucumber-text-color, #222)}.ZObJrdGWGYZYqvRPTO7x,.ZObJrdGWGYZYqvRPTO7x~.rfv832DGvJuGyzFuMjXC{grid-column-end:span 3}.OFz0nWrlbIgqinwc4usO{font-weight:bold;font-size:1.25em;margin:0}.OFz0nWrlbIgqinwc4usO svg{max-width:2em}.xmSDOQ_c8MimWxT035vV{font-size:1em;margin-top:.25em;color:var(--cucumber-code-text-color, #666)}.PUJ_q_3Y8RQhAcXxakiL{display:inline-flex;gap:.25em}.PUJ_q_3Y8RQhAcXxakiL+.PUJ_q_3Y8RQhAcXxakiL{margin-left:1em}.PUJ_q_3Y8RQhAcXxakiL a{color:var(--cucumber-anchor-color, #297bde)}
.E4mSCqTkr4getx0W9smB{margin-bottom:1.5em}.E4mSCqTkr4getx0W9smB>*{border-top:0 !important}
.gUbOxW8Yux5FNeSfsI2O{position:relative;display:flex;align-items:center}.AEvAM9M_0ZxmJghPdVQs{color:var(--cucumber-anchor-color, #297bde);opacity:0;transition:all .35s ease-in-out;position:absolute;font-size:.75em;left:var(--cucumber-anchor-offset, -1.1em)}.gUbOxW8Yux5FNeSfsI2O:hover .AEvAM9M_0ZxmJghPdVQs{opacity:1}
.pzfx7tCRXyytC6g9SDxg{display:flex;align-items:center;gap:4px;background-color:rgba(0,0,0,0);color:var(--cucumber-anchor-color, #297bde);font-family:inherit;font-size:inherit;padding:0;border:0;margin:0 0 .5em 0;cursor:pointer}.pzfx7tCRXyytC6g9SDxg:hover,.pzfx7tCRXyytC6g9SDxg:focus{text-decoration:underline}
.Cbm1hRh_nuzVXaBR2dZ0{white-space:pre-wrap;font-family:ui-monospace,SFMono-Regular,Menlo,Monaco,Consolas,"Liberation Mono","Courier New",monospace;font-size:.875em;padding:.666em .75em;border-radius:.25em;margin:0;overflow-x:auto;background-color:var(--cucumber-code-background-color, #f6f8fa);color:var(--cucumber-code-text-color, #666)}.p1VipAhIVu_6GwqL_EUw{margin-right:.75em;opacity:.333}.ORaS_8RRNPuyNQTWStAR{max-width:100%;margin-top:.5em}
.gXG0xG1TJk_4pdoSxoAf{white-space:pre-wrap;font-family:ui-monospace,SFMono-Regular,Menlo,Monaco,Consolas,"Liberation Mono","Courier New",monospace;font-size:.875em;padding:.666em .75em;border-radius:.25em;margin:0;overflow-x:auto;background-color:var(--cucumber-error-background-color, #fff0f0);color:var(--cucumber-error-text-color, #bd0a2b)}
.IWgpmOz8r6Wj2YWzioT1{padding:0;margin:1em}.IWgpmOz8r6Wj2YWzioT1 a{color:var(--cucumber-anchor-color, #297bde)}
.MNkrrVMCDeB7mTXs5do4{border-collapse:collapse;margin:0}.MNkrrVMCDeB7mTXs5do4 thead tr{border-bottom:6px solid rgba(0,0,0,0)}.MNkrrVMCDeB7mTXs5do4 tr+tr{border-top:6px solid rgba(0,0,0,0)}.MNkrrVMCDeB7mTXs5do4 th,.MNkrrVMCDeB7mTXs5do4 td{padding:.4em .6em;border-width:2px;border-style:solid;border-top:none;border-bottom:none;border-color:var(--cucumber-keyword-color, #000080);color:var(--cucumber-parameter-color, #297bde)}
.buWCECLHpnDfpwKwugOX{font-family:ui-monospace,SFMono-Regular,Menlo,Monaco,Consolas,"Liberation Mono","Courier New",monospace;color:var(--cucumber-docstring-color, #008080);padding-bottom:.25em;margin:0;overflow-x:auto}.buWCECLHpnDfpwKwugOX::before,.buWCECLHpnDfpwKwugOX::after{content:'"""';display:block;transform:translateY(0.25em)}.buWCECLHpnDfpwKwugOX::before{padding-bottom:.25em}.buWCECLHpnDfpwKwugOX::after{padding-top:.25em}
.KqWCaxcpp4sxz7A20RLA{font-weight:bold;color:var(--cucumber-keyword-color, #000080);margin-right:.5em}
.jraSbOu3Xpk7mbUgodqc{font-weight:normal;color:var(--cucumber-parameter-color, #297bde)}
.j0ln79cSlRB4hNiHeXjH[data-status=PASSED]{color:rgba(44,177,74,.667)}.j0ln79cSlRB4hNiHeXjH[data-status=SKIPPED]{color:rgba(0,160,204,.667)}.j0ln79cSlRB4hNiHeXjH[data-status=PENDING]{color:rgba(255,173,51,.667)}.j0ln79cSlRB4hNiHeXjH[data-status=UNDEFINED]{color:rgba(255,173,51,.667)}.j0ln79cSlRB4hNiHeXjH[data-status=AMBIGUOUS]{color:rgba(244,235,253,.667)}.j0ln79cSlRB4hNiHeXjH[data-status=FAILED]{color:rgba(187,0,0,.667)}.j0ln79cSlRB4hNiHeXjH[data-status=UNKNOWN]{color:rgba(182,190,203,.667)}
.UXBAOOwgLjqbpb8XD1WL{display:flex;--cucumber-anchor-offset: -3.25em}.kDEmgsysGXM7DgTGCWfs{width:1.5em;padding-top:.1em}.rIuf66pcn5inse3YjseZ{flex-grow:1;max-width:calc(100% - 1.5em)}.rIuf66pcn5inse3YjseZ>*+*{margin-top:.25em !important}
.vf7CPB8kAcns60tKI7vY{display:inline-block;font-weight:normal;padding:0;margin:0}
.bbjk27OORIAhv9IbGaBL{padding:0;margin:1em}.bbjk27OORIAhv9IbGaBL>li{list-style:none}.bbjk27OORIAhv9IbGaBL>li+li{margin-top:.25em}
.vIGVFeZhSpvtjMv28qFg{padding:0;margin:1em}
.R_7odAGRh9ZWASbUwK3j{margin-left:1rem}
.Fdmm0s4soB2pkvNYXQbv{border-collapse:collapse;margin:0}.Fdmm0s4soB2pkvNYXQbv thead tr{border-bottom:6px solid rgba(0,0,0,0)}.Fdmm0s4soB2pkvNYXQbv tr+tr{border-top:6px solid rgba(0,0,0,0)}.Fdmm0s4soB2pkvNYXQbv th,.Fdmm0s4soB2pkvNYXQbv td{padding:.4em .6em;border-width:2px;border-style:solid;border-top:none;border-bottom:none;border-color:var(--cucumber-keyword-color, #000080);color:var(--cucumber-parameter-color, #297bde)}.Fdmm0s4soB2pkvNYXQbv th:first-child,.Fdmm0s4soB2pkvNYXQbv td:first-child{border-left:none}.Fdmm0s4soB2pkvNYXQbv tbody tr{cursor:pointer}
.FbgC7RSK7PrGGsNDRAl2{padding:0;margin:0}.QRN0XyDjb8RR6B4I3C5w{display:inline;list-style-type:none;padding:8px 0;color:var(--cucumber-tag-color, #808000)}.QRN0XyDjb8RR6B4I3C5w:not(:last-child){margin-right:10px}
.ETQctlyGyWWjcMYVPHxW{transform:rotate(45deg)}
.X9zF5mRApmhkNHKRv89A{padding:0;margin:1em}.X9zF5mRApmhkNHKRv89A>li{list-style:none}.X9zF5mRApmhkNHKRv89A>li+li{margin-top:.25em}
.aNBioFoTxXGy8fl89aVN{padding-top:.35em;padding-left:.5em;padding-right:.5em}.uH0tV61h4vEwGIdnLhmB{border:1px solid var(--cucumber-panel-accent-color, #e8e8e8);border-radius:2px}.tIbY7PZ2bzsj9dKjbfxb+.tIbY7PZ2bzsj9dKjbfxb{border-top:1px solid var(--cucumber-panel-accent-color, #e8e8e8)}.oxCzU1rC8VLhLfVMMrX2{box-sizing:border-box;width:100%;padding:.75em 1em;border:none;background-color:var(--cucumber-panel-background-color, #f4f4f4);color:var(--cucumber-panel-text-color, #444);cursor:pointer;text-align:left}.oxCzU1rC8VLhLfVMMrX2:hover{background-color:var(--cucumber-panel-accent-color, #e8e8e8)}.g2StHf8iOGfwMQe5f9rk{transform-origin:center center;transition:transform .2s linear}.oxCzU1rC8VLhLfVMMrX2[aria-expanded=true] .g2StHf8iOGfwMQe5f9rk,.oxCzU1rC8VLhLfVMMrX2[aria-selected=true] .g2StHf8iOGfwMQe5f9rk{transform:rotate(90deg)}.aSGVb3Tv5B8Nz24vToKW{padding:1.25em}
.rioeqbTEi_lL8FESsJqA{display:flex;flex-direction:column;align-items:center;gap:.5em;padding-bottom:1.5em;text-align:center}.xvCoYo7NPDqD900sFMjr{font-size:3em;opacity:.125}
.qCGgrwvVkkINDRfqpvsj{box-sizing:border-box;display:flex;align-items:center;justify-content:space-between;width:100%;padding:1em;border:1px solid var(--cucumber-panel-accent-color, #e8e8e8);background-color:var(--cucumber-panel-background-color, #f4f4f4);color:var(--cucumber-panel-text-color, #444)}.bnRegjcAB_MU3kCnU0eO{position:relative;margin-top:-0.5em}.DnlYJBmP1_AfFSU3KSgD{position:absolute;left:0;margin-left:.4em;top:.5em;opacity:.666}.XhufRLVTP4kJj55pWlZQ{box-sizing:border-box;width:100%;padding:.5em 0 .5em 1.5em;font-family:inherit;font-size:inherit;background-color:rgba(0,0,0,0);color:var(--cucumber-text-color, #222);border:1px solid #ced4da;border-radius:.3em}.Pj6CVtDA4EslW8OfcTI9{display:block;font-size:.75em;line-height:1em;margin-top:.3em}.Pj6CVtDA4EslW8OfcTI9 a{color:var(--cucumber-anchor-color, #297bde)}.JPICQf5NjLq2IqfrDM06{display:flex;align-items:center;gap:.5em}.i7Lu8mj6UiHXs3uZahvK{display:flex;align-items:center;gap:.5em;list-style:none;padding:0;margin:0}.di7wOxuS_2Y1X70JnH4C{opacity:.666}.ue2HaGqIjpPqXt_Q__wa{display:flex;align-items:center;gap:1px;accent-color:var(--cucumber-anchor-color, #297bde)}
.jGf5f1r0vW6ApPrFIznv{list-style:none;display:flex;width:100%;padding:0;margin:0}.VlpRuYBlXtcShawgxgzA{box-sizing:border-box;flex-grow:1;min-width:11em;padding:.333em 2.5em;background-color:#000;color:#fff;white-space:nowrap;text-align:center;text-transform:uppercase}.VlpRuYBlXtcShawgxgzA[data-status=PASSED]{background-color:#2cb14a}.VlpRuYBlXtcShawgxgzA[data-status=SKIPPED]{background-color:#00a0cc}.VlpRuYBlXtcShawgxgzA[data-status=PENDING]{background-color:#ffad33}.VlpRuYBlXtcShawgxgzA[data-status=UNDEFINED]{background-color:#ffad33}.VlpRuYBlXtcShawgxgzA[data-status=AMBIGUOUS]{background-color:#f4ebfd}.VlpRuYBlXtcShawgxgzA[data-status=FAILED]{background-color:#b00}.VlpRuYBlXtcShawgxgzA[data-status=UNKNOWN]{background-color:#b6becb}
.g84sy6xgJUyJIzpsyG5S{font-size:14px;font-family:"Inter var",ui-sans-serif,system-ui,-apple-system,BlinkMacSystemFont,"Segoe UI",Roboto,"Helvetica Neue",Arial,"Noto Sans",sans-serif,"Apple Color Emoji","Segoe UI Emoji","Segoe UI Symbol","Noto Color Emoji";color:var(--cucumber-text-color, #222);background:var(--cucumber-background-color, white)}.S07ZPK5i38Whpt0ARQ6p{--cucumber-background-color: #1d1d26;--cucumber-text-color: #c9c9d1;--cucumber-anchor-color: #4caaee;--cucumber-keyword-color: #d89077;--cucumber-parameter-color: #4caaee;--cucumber-tag-color: #85a658;--cucumber-docstring-color: #66a565;--cucumber-error-background-color: #cf6679;--cucumber-error-text-color: #222;--cucumber-code-background-color: #282a36;--cucumber-code-text-color: #f8f8f2;--cucumber-panel-background-color: #282a36;--cucumber-panel-accent-color: #313442;--cucumber-panel-text-color: #f8f8f2}@media all and (prefers-color-scheme: dark){.pPHXjw4HiiEZ76UmW2np{--cucumber-background-color: #1d1d26;--cucumber-text-color: #c9c9d1;--cucumber-anchor-color: #4caaee;--cucumber-keyword-color: #d89077;--cucumber-parameter-color: #4caaee;--cucumber-tag-color: #85a658;--cucumber-docstring-color: #66a565;--cucumber-error-background-color: #cf6679;--cucumber-error-text-color: #222;--cucumber-code-background-color: #282a36;--cucumber-code-text-color: #f8f8f2;--cucumber-panel-background-color: #282a36;--cucumber-panel-accent-color: #313442;--cucumber-panel-text-color: #f8f8f2}}

	</style>
</head>
<body>
<div id="content">
</div>
<script>
window.CUCUMBER_MESSAGES = [{"meta":{"protocolVersion":"24.1.0","implementation":{"name":"cucumber-jvm","version":"7.18.0"},"runtime":{"name":"Java HotSpot(TM) 64-Bit Server VM","version":"20.0.1+9-29"},"os":{"name":"Windows 10"},"cpu":{"name":"amd64"}}},{"testRunStarted":{"timestamp":{"seconds":1723023182,"nanos":368566900}}},{"source":{"uri":"file:///C:/Users/Test/eclipse-workspace/TutorialsNinjaProJ/src/test/resources/features/Login.feature","data":"Feature: Login Functionality\r\n\r\n\r\nScenario Outline: Login with valid credentials\r\n\r\nGiven User is navigated to Login Page\r\nWhen User enters valid email address <username>\r\nAnd User enters valid password as <password>\r\nAnd User clicks on Login Button\r\nThen User should get logged in successfully\r\nExamples:\r\n\r\n|username\t\t\t\t\t\t|password|\r\n|snehalc1@gmail.com\t|12345|\r\n|snehalc2@gmail.com\t|12345|\r\n|snehalc3@gmail.com\t|12345|\r\n\r\n\r\n\r\nScenario: Login with InValid credentials\r\n\r\nGiven User is navigated to Login Page\r\nWhen User enters Invalid email address \r\nAnd User enters Invalid password as \"12345123456789\"\r\nAnd User clicks on Login Button\r\nThen User should get error about invalid credentials\r\n\r\n\r\nScenario: Login with valid email and Invalid Password\r\n\r\nGiven User is navigated to Login Page\r\nWhen User enters valid email address \"snehal.chougule04@gmail.com\" \r\nAnd User enters Invalid password as \"123456789\"\r\nAnd User clicks on Login Button\r\nThen User should get error about invalid credentials\r\n\r\n\r\nScenario: Login with Invalid email and valid Password\r\n\r\nGiven User is navigated to Login Page\r\nWhen User enters Invalid email address\r\nAnd User enters valid password as \"12345\"\r\nAnd User clicks on Login Button\r\nThen User should get error about invalid credentials\r\n\r\n\r\nScenario: Login without providing the credentials\r\n\r\nGiven User is navigated to Login Page\r\nWhen User does not enter an email address\r\nAnd User does not enter a password\r\nAnd User clicks on Login Button\r\nThen User should get error about invalid credentials\r\n","mediaType":"text/x.cucumber.gherkin+plain"}},{"gherkinDocument":{"uri":"file:///C:/Users/Test/eclipse-workspace/TutorialsNinjaProJ/src/test/resources/features/Login.feature","feature":{"location":{"line":1,"column":1},"tags":[],"language":"en","keyword":"Feature","name":"Login Functionality","description":"","children":[{"scenario":{"location":{"line":4,"column":1},"tags":[],"keyword":"Scenario Outline","name":"Login with valid credentials","description":"","steps":[{"location":{"line":6,"column":1},"keyword":"Given ","keywordType":"Context","text":"User is navigated to Login Page","id":"2a1c932e-7b87-450c-a26c-982b6b5cb585"},{"location":{"line":7,"column":1},"keyword":"When ","keywordType":"Action","text":"User enters valid email address <username>","id":"60c6ffab-63d9-4a06-812d-35281d7d2e6a"},{"location":{"line":8,"column":1},"keyword":"And ","keywordType":"Conjunction","text":"User enters valid password as <password>","id":"d23166fc-b1a0-45f4-b0af-a069ecb14d2f"},{"location":{"line":9,"column":1},"keyword":"And ","keywordType":"Conjunction","text":"User clicks on Login Button","id":"291b436e-8d6c-487d-ad07-225858dd7185"},{"location":{"line":10,"column":1},"keyword":"Then ","keywordType":"Outcome","text":"User should get logged in successfully","id":"88643e7a-a513-4c1b-8444-886910f63981"}],"examples":[{"location":{"line":11,"column":1},"tags":[],"keyword":"Examples","name":"","description":"","tableHeader":{"location":{"line":13,"column":1},"cells":[{"location":{"line":13,"column":2},"value":"username"},{"location":{"line":13,"column":17},"value":"password"}],"id":"807ced7f-2627-42b2-bbd8-f59bf069c443"},"tableBody":[{"location":{"line":14,"column":1},"cells":[{"location":{"line":14,"column":2},"value":"snehalc1@gmail.com"},{"location":{"line":14,"column":22},"value":"12345"}],"id":"559e23d4-e996-48dd-baf9-a740e525cfa5"},{"location":{"line":15,"column":1},"cells":[{"location":{"line":15,"column":2},"value":"snehalc2@gmail.com"},{"location":{"line":15,"column":22},"value":"12345"}],"id":"2ef75634-2eef-40dd-9cce-867e5977990c"},{"location":{"line":16,"column":1},"cells":[{"location":{"line":16,"column":2},"value":"snehalc3@gmail.com"},{"location":{"line":16,"column":22},"value":"12345"}],"id":"e5ea7ad2-b503-47a4-bead-0c012c13b547"}],"id":"70a6153e-8030-41c4-ad38-6b88fccbe6d9"}],"id":"07118724-584c-4531-ae8e-ea946c895e8b"}},{"scenario":{"location":{"line":20,"column":1},"tags":[],"keyword":"Scenario","name":"Login with InValid credentials","description":"","steps":[{"location":{"line":22,"column":1},"keyword":"Given ","keywordType":"Context","text":"User is navigated to Login Page","id":"b4c565ea-907a-4fe6-9e0c-e14bac029973"},{"location":{"line":23,"column":1},"keyword":"When ","keywordType":"Action","text":"User enters Invalid email address","id":"1ebce3a0-ead0-48ab-b991-03008ab6da02"},{"location":{"line":24,"column":1},"keyword":"And ","keywordType":"Conjunction","text":"User enters Invalid password as \"12345123456789\"","id":"d4067179-1571-4b18-ab9b-8c96a7d41753"},{"location":{"line":25,"column":1},"keyword":"And ","keywordType":"Conjunction","text":"User clicks on Login Button","id":"940a44cd-ecfa-4060-b477-784086e87bcd"},{"location":{"line":26,"column":1},"keyword":"Then ","keywordType":"Outcome","text":"User should get error about invalid credentials","id":"8d4a66b1-95a2-4cdf-a3d3-a45440662b86"}],"examples":[],"id":"cb452c10-8254-473b-a47b-0fc06993835c"}},{"scenario":{"location":{"line":29,"column":1},"tags":[],"keyword":"Scenario","name":"Login with valid email and Invalid Password","description":"","steps":[{"location":{"line":31,"column":1},"keyword":"Given ","keywordType":"Context","text":"User is navigated to Login Page","id":"9d9e9d55-5457-4e4a-9c9e-10cc89ec658b"},{"location":{"line":32,"column":1},"keyword":"When ","keywordType":"Action","text":"User enters valid email address \"snehal.chougule04@gmail.com\"","id":"fda4db39-6956-4012-bd8a-74fc89a4b1ad"},{"location":{"line":33,"column":1},"keyword":"And ","keywordType":"Conjunction","text":"User enters Invalid password as \"123456789\"","id":"75b074ec-4e7b-4d2e-ade0-5fc70e39ba71"},{"location":{"line":34,"column":1},"keyword":"And ","keywordType":"Conjunction","text":"User clicks on Login Button","id":"5db58e2f-71a4-4849-bb50-b76451c3d807"},{"location":{"line":35,"column":1},"keyword":"Then ","keywordType":"Outcome","text":"User should get error about invalid credentials","id":"1a418c87-ae88-4b7f-be5e-5d9973d9d7c3"}],"examples":[],"id":"0fe75db5-095c-493f-9f4f-1919e7a80c88"}},{"scenario":{"location":{"line":38,"column":1},"tags":[],"keyword":"Scenario","name":"Login with Invalid email and valid Password","description":"","steps":[{"location":{"line":40,"column":1},"keyword":"Given ","keywordType":"Context","text":"User is navigated to Login Page","id":"dd413492-571f-4a7c-b74b-de9fa51f4121"},{"location":{"line":41,"column":1},"keyword":"When ","keywordType":"Action","text":"User enters Invalid email address","id":"e4c3ce7c-c63e-4346-bdf5-db3773f8059f"},{"location":{"line":42,"column":1},"keyword":"And ","keywordType":"Conjunction","text":"User enters valid password as \"12345\"","id":"7c6a4fc4-6fad-48c1-987c-e92795480d6e"},{"location":{"line":43,"column":1},"keyword":"And ","keywordType":"Conjunction","text":"User clicks on Login Button","id":"2d92d6d3-6476-4c0c-911f-f2418229096f"},{"location":{"line":44,"column":1},"keyword":"Then ","keywordType":"Outcome","text":"User should get error about invalid credentials","id":"1d8b709a-8ede-4a35-90d8-04a137cea82a"}],"examples":[],"id":"238c2702-48f0-4fff-8b6b-325beab0d8c3"}},{"scenario":{"location":{"line":47,"column":1},"tags":[],"keyword":"Scenario","name":"Login without providing the credentials","description":"","steps":[{"location":{"line":49,"column":1},"keyword":"Given ","keywordType":"Context","text":"User is navigated to Login Page","id":"6383fe02-8105-4f53-8c3e-a5b5e5682050"},{"location":{"line":50,"column":1},"keyword":"When ","keywordType":"Action","text":"User does not enter an email address","id":"763bdee3-fe65-49ed-b8aa-0ee59c46d404"},{"location":{"line":51,"column":1},"keyword":"And ","keywordType":"Conjunction","text":"User does not enter a password","id":"3aee3fb1-1d62-4f33-8adf-1dc007440630"},{"location":{"line":52,"column":1},"keyword":"And ","keywordType":"Conjunction","text":"User clicks on Login Button","id":"86b66e0f-430d-4ad4-8a11-bf590aa5c2bf"},{"location":{"line":53,"column":1},"keyword":"Then ","keywordType":"Outcome","text":"User should get error about invalid credentials","id":"b767923f-735a-4b07-8451-fe65f860de34"}],"examples":[],"id":"35cfd333-b51e-4f84-bc69-0d6cc1d99bd5"}}]},"comments":[]}},{"pickle":{"id":"e08c6bc0-9d1f-414f-b0d4-2d0354867bae","uri":"file:///C:/Users/Test/eclipse-workspace/TutorialsNinjaProJ/src/test/resources/features/Login.feature","name":"Login with valid credentials","language":"en","steps":[{"astNodeIds":["2a1c932e-7b87-450c-a26c-982b6b5cb585","559e23d4-e996-48dd-baf9-a740e525cfa5"],"id":"7792ecf8-380a-469e-b60c-32e91031ee4a","type":"Context","text":"User is navigated to Login Page"},{"astNodeIds":["60c6ffab-63d9-4a06-812d-35281d7d2e6a","559e23d4-e996-48dd-baf9-a740e525cfa5"],"id":"c5d6fa92-9b42-40b6-a707-8f5c87474028","type":"Action","text":"User enters valid email address snehalc1@gmail.com"},{"astNodeIds":["d23166fc-b1a0-45f4-b0af-a069ecb14d2f","559e23d4-e996-48dd-baf9-a740e525cfa5"],"id":"4b788c18-3670-4c7d-afc5-0a40936461bd","type":"Action","text":"User enters valid password as 12345"},{"astNodeIds":["291b436e-8d6c-487d-ad07-225858dd7185","559e23d4-e996-48dd-baf9-a740e525cfa5"],"id":"4c7357b4-8507-4505-8e35-0bf3160894a9","type":"Action","text":"User clicks on Login Button"},{"astNodeIds":["88643e7a-a513-4c1b-8444-886910f63981","559e23d4-e996-48dd-baf9-a740e525cfa5"],"id":"41a92c10-5041-46f7-abc4-32918d9893ff","type":"Outcome","text":"User should get logged in successfully"}],"tags":[],"astNodeIds":["07118724-584c-4531-ae8e-ea946c895e8b","559e23d4-e996-48dd-baf9-a740e525cfa5"]}},{"pickle":{"id":"70a011e0-9ee1-4b63-9495-66586a8b233d","uri":"file:///C:/Users/Test/eclipse-workspace/TutorialsNinjaProJ/src/test/resources/features/Login.feature","name":"Login with valid credentials","language":"en","steps":[{"astNodeIds":["2a1c932e-7b87-450c-a26c-982b6b5cb585","2ef75634-2eef-40dd-9cce-867e5977990c"],"id":"61204d9a-31e2-481a-964e-8e5dfb8b9609","type":"Context","text":"User is navigated to Login Page"},{"astNodeIds":["60c6ffab-63d9-4a06-812d-35281d7d2e6a","2ef75634-2eef-40dd-9cce-867e5977990c"],"id":"14981987-a666-463a-89bd-cdeaef279102","type":"Action","text":"User enters valid email address snehalc2@gmail.com"},{"astNodeIds":["d23166fc-b1a0-45f4-b0af-a069ecb14d2f","2ef75634-2eef-40dd-9cce-867e5977990c"],"id":"da7d8a49-5765-4957-bbbe-0b6a8bd7f498","type":"Action","text":"User enters valid password as 12345"},{"astNodeIds":["291b436e-8d6c-487d-ad07-225858dd7185","2ef75634-2eef-40dd-9cce-867e5977990c"],"id":"b9d9b220-31f1-4b15-86d2-05d13fb15d90","type":"Action","text":"User clicks on Login Button"},{"astNodeIds":["88643e7a-a513-4c1b-8444-886910f63981","2ef75634-2eef-40dd-9cce-867e5977990c"],"id":"eabc6efc-c45c-4218-b307-8821e25dd50f","type":"Outcome","text":"User should get logged in successfully"}],"tags":[],"astNodeIds":["07118724-584c-4531-ae8e-ea946c895e8b","2ef75634-2eef-40dd-9cce-867e5977990c"]}},{"pickle":{"id":"1f73db17-ec1f-4405-83ba-00c5c21679bb","uri":"file:///C:/Users/Test/eclipse-workspace/TutorialsNinjaProJ/src/test/resources/features/Login.feature","name":"Login with valid credentials","language":"en","steps":[{"astNodeIds":["2a1c932e-7b87-450c-a26c-982b6b5cb585","e5ea7ad2-b503-47a4-bead-0c012c13b547"],"id":"f5e5bda4-2673-466f-aa98-66b5b31c1e56","type":"Context","text":"User is navigated to Login Page"},{"astNodeIds":["60c6ffab-63d9-4a06-812d-35281d7d2e6a","e5ea7ad2-b503-47a4-bead-0c012c13b547"],"id":"a2fb0eeb-18cb-4dce-ab0e-8b791966e950","type":"Action","text":"User enters valid email address snehalc3@gmail.com"},{"astNodeIds":["d23166fc-b1a0-45f4-b0af-a069ecb14d2f","e5ea7ad2-b503-47a4-bead-0c012c13b547"],"id":"e24bf9ea-3bfb-4121-87ce-d3853cc8b1d6","type":"Action","text":"User enters valid password as 12345"},{"astNodeIds":["291b436e-8d6c-487d-ad07-225858dd7185","e5ea7ad2-b503-47a4-bead-0c012c13b547"],"id":"47317943-e65b-47f4-97b2-5db100ed1c27","type":"Action","text":"User clicks on Login Button"},{"astNodeIds":["88643e7a-a513-4c1b-8444-886910f63981","e5ea7ad2-b503-47a4-bead-0c012c13b547"],"id":"89f7dfe6-f3aa-495b-b3bf-e83baa50770e","type":"Outcome","text":"User should get logged in successfully"}],"tags":[],"astNodeIds":["07118724-584c-4531-ae8e-ea946c895e8b","e5ea7ad2-b503-47a4-bead-0c012c13b547"]}},{"pickle":{"id":"00f0359d-bece-4713-ba27-095994061b3d","uri":"file:///C:/Users/Test/eclipse-workspace/TutorialsNinjaProJ/src/test/resources/features/Login.feature","name":"Login with InValid credentials","language":"en","steps":[{"astNodeIds":["b4c565ea-907a-4fe6-9e0c-e14bac029973"],"id":"f601bf9b-9018-4582-9694-58c759dd35f7","type":"Context","text":"User is navigated to Login Page"},{"astNodeIds":["1ebce3a0-ead0-48ab-b991-03008ab6da02"],"id":"1a1492ef-5d8b-4c95-bd11-4526322947ea","type":"Action","text":"User enters Invalid email address"},{"astNodeIds":["d4067179-1571-4b18-ab9b-8c96a7d41753"],"id":"bbb0c8f5-3143-4427-a8a1-4d5f4e987e3d","type":"Action","text":"User enters Invalid password as \"12345123456789\""},{"astNodeIds":["940a44cd-ecfa-4060-b477-784086e87bcd"],"id":"c387c39a-5f51-430e-9c65-439b2d5038e1","type":"Action","text":"User clicks on Login Button"},{"astNodeIds":["8d4a66b1-95a2-4cdf-a3d3-a45440662b86"],"id":"67dda21c-f7fa-4706-9f0f-3ad08e6f7451","type":"Outcome","text":"User should get error about invalid credentials"}],"tags":[],"astNodeIds":["cb452c10-8254-473b-a47b-0fc06993835c"]}},{"pickle":{"id":"a62cb56e-3f6c-48e4-8a50-acc3374f7ae1","uri":"file:///C:/Users/Test/eclipse-workspace/TutorialsNinjaProJ/src/test/resources/features/Login.feature","name":"Login with valid email and Invalid Password","language":"en","steps":[{"astNodeIds":["9d9e9d55-5457-4e4a-9c9e-10cc89ec658b"],"id":"ba55b06a-36bc-40de-be5b-5a31b995e04f","type":"Context","text":"User is navigated to Login Page"},{"astNodeIds":["fda4db39-6956-4012-bd8a-74fc89a4b1ad"],"id":"68507013-b4eb-47ac-9e37-4944fc61fe99","type":"Action","text":"User enters valid email address \"snehal.chougule04@gmail.com\""},{"astNodeIds":["75b074ec-4e7b-4d2e-ade0-5fc70e39ba71"],"id":"7f78bf62-0afb-43f3-98db-7abcd3df7575","type":"Action","text":"User enters Invalid password as \"123456789\""},{"astNodeIds":["5db58e2f-71a4-4849-bb50-b76451c3d807"],"id":"d94962fd-a49d-4e9c-9c05-2daeff223342","type":"Action","text":"User clicks on Login Button"},{"astNodeIds":["1a418c87-ae88-4b7f-be5e-5d9973d9d7c3"],"id":"57f97f8a-bc9a-4cf3-a751-c8773f5e1c19","type":"Outcome","text":"User should get error about invalid credentials"}],"tags":[],"astNodeIds":["0fe75db5-095c-493f-9f4f-1919e7a80c88"]}},{"pickle":{"id":"a36912f0-ad0a-4979-92e3-e9ff3f69273d","uri":"file:///C:/Users/Test/eclipse-workspace/TutorialsNinjaProJ/src/test/resources/features/Login.feature","name":"Login with Invalid email and valid Password","language":"en","steps":[{"astNodeIds":["dd413492-571f-4a7c-b74b-de9fa51f4121"],"id":"f3567cd1-f574-4a74-9690-8a1a53a8a287","type":"Context","text":"User is navigated to Login Page"},{"astNodeIds":["e4c3ce7c-c63e-4346-bdf5-db3773f8059f"],"id":"7bda47eb-ceea-494b-8557-9c32b6cc4b85","type":"Action","text":"User enters Invalid email address"},{"astNodeIds":["7c6a4fc4-6fad-48c1-987c-e92795480d6e"],"id":"cff34eb7-e21b-4e17-bffc-09df616f8d23","type":"Action","text":"User enters valid password as \"12345\""},{"astNodeIds":["2d92d6d3-6476-4c0c-911f-f2418229096f"],"id":"211f5dcc-1d83-450c-bdd3-5fc213c47302","type":"Action","text":"User clicks on Login Button"},{"astNodeIds":["1d8b709a-8ede-4a35-90d8-04a137cea82a"],"id":"1e8a4bdb-a9ce-464d-9eee-4dd89f1be120","type":"Outcome","text":"User should get error about invalid credentials"}],"tags":[],"astNodeIds":["238c2702-48f0-4fff-8b6b-325beab0d8c3"]}},{"pickle":{"id":"461f80c8-b539-44ae-a65b-c5470957eb4c","uri":"file:///C:/Users/Test/eclipse-workspace/TutorialsNinjaProJ/src/test/resources/features/Login.feature","name":"Login without providing the credentials","language":"en","steps":[{"astNodeIds":["6383fe02-8105-4f53-8c3e-a5b5e5682050"],"id":"87d17049-fef1-4c78-80c5-d667f6f88e37","type":"Context","text":"User is navigated to Login Page"},{"astNodeIds":["763bdee3-fe65-49ed-b8aa-0ee59c46d404"],"id":"342d0860-7d9c-4fce-a01d-90c9266c4142","type":"Action","text":"User does not enter an email address"},{"astNodeIds":["3aee3fb1-1d62-4f33-8adf-1dc007440630"],"id":"5d0dec76-abf9-49a4-b5de-778e9909ee0b","type":"Action","text":"User does not enter a password"},{"astNodeIds":["86b66e0f-430d-4ad4-8a11-bf590aa5c2bf"],"id":"73243a16-f497-4331-9d71-54f1a963f08d","type":"Action","text":"User clicks on Login Button"},{"astNodeIds":["b767923f-735a-4b07-8451-fe65f860de34"],"id":"e5d0615f-8d2a-443f-9f2c-a27c52679ccb","type":"Outcome","text":"User should get error about invalid credentials"}],"tags":[],"astNodeIds":["35cfd333-b51e-4f84-bc69-0d6cc1d99bd5"]}},{"testCase":{"id":"4dfd7c05-d05d-4e4a-b3b8-63d5bab5f5d0","pickleId":"e08c6bc0-9d1f-414f-b0d4-2d0354867bae","testSteps":[{"hookId":"866d4bf4-0cf6-41d6-b9de-52561667ae8e","id":"dbd53f40-3754-4260-8f30-820e1db26e19"},{"id":"5cd798c3-00d4-4eca-9053-3ebafcbf9a43","pickleStepId":"7792ecf8-380a-469e-b60c-32e91031ee4a","stepDefinitionIds":["2b363a42-2964-4494-8692-e52d852c1403"],"stepMatchArgumentsLists":[{"stepMatchArguments":[]}]},{"id":"5dc66a4d-1765-4641-b454-888c7cc75589","pickleStepId":"c5d6fa92-9b42-40b6-a707-8f5c87474028","stepDefinitionIds":["796f95a9-bc8a-4d96-ab8b-277eb776a4be"],"stepMatchArgumentsLists":[{"stepMatchArguments":[{"group":{"children":[],"start":32,"value":"snehalc1@gmail.com"},"parameterTypeName":"anonymous"}]}]},{"id":"2e7a5bf1-ee0d-4efb-89d2-2c3fd821f8f3","pickleStepId":"4b788c18-3670-4c7d-afc5-0a40936461bd","stepDefinitionIds":["cf6d0205-98d7-40a4-9bdf-7f7d17cf00b0"],"stepMatchArgumentsLists":[{"stepMatchArguments":[{"group":{"children":[],"start":30,"value":"12345"},"parameterTypeName":"anonymous"}]}]},{"id":"367a2078-09af-49be-ade2-d8f18a24b1f0","pickleStepId":"4c7357b4-8507-4505-8e35-0bf3160894a9","stepDefinitionIds":["05fb8855-63b0-4fc4-b584-8b8ffb1598ea"],"stepMatchArgumentsLists":[{"stepMatchArguments":[]}]},{"id":"19944dd1-b473-422e-82a7-233fc09a8e51","pickleStepId":"41a92c10-5041-46f7-abc4-32918d9893ff","stepDefinitionIds":["d6129c00-1442-4758-a325-f01bd376602f"],"stepMatchArgumentsLists":[{"stepMatchArguments":[]}]},{"hookId":"b983f373-aff1-41c1-921c-34e6410fc8c9","id":"edd0d6ca-4d4d-4997-9ab1-a25e549b52c2"}]}},{"testCaseStarted":{"attempt":0,"id":"3e6f78b4-53a2-4a4d-8c1e-188c17efb921","testCaseId":"4dfd7c05-d05d-4e4a-b3b8-63d5bab5f5d0","workerId":"main","timestamp":{"seconds":1723023182,"nanos":693861400}}},{"testStepStarted":{"testCaseStartedId":"3e6f78b4-53a2-4a4d-8c1e-188c17efb921","testStepId":"dbd53f40-3754-4260-8f30-820e1db26e19","timestamp":{"seconds":1723023182,"nanos":700839000}}},{"testStepFinished":{"testCaseStartedId":"3e6f78b4-53a2-4a4d-8c1e-188c17efb921","testStepId":"dbd53f40-3754-4260-8f30-820e1db26e19","testStepResult":{"duration":{"seconds":164,"nanos":485815800},"message":"no such window: target window already closed\nfrom unknown error: web view not found\n  (Session info: chrome=127.0.6533.90)\nBuild info: version: '4.22.0', revision: 'c5f3146703*'\nSystem info: os.name: 'Windows 10', os.arch: 'amd64', os.version: '10.0', java.version: '20.0.1'\nDriver info: org.openqa.selenium.chrome.ChromeDriver\nCommand: [008ae26c0db643dd0e161828d1dba99c, maximizeCurrentWindow {}]\nCapabilities {acceptInsecureCerts: false, browserName: chrome, browserVersion: 127.0.6533.90, chrome: {chromedriverVersion: 127.0.6533.88 (a2d0cb026721..., userDataDir: C:\\Users\\Test\\AppData\\Local...}, fedcm:accounts: true, goog:chromeOptions: {debuggerAddress: localhost:50001}, networkConnectionEnabled: false, pageLoadStrategy: normal, platformName: windows, proxy: Proxy(), se:cdp: ws://localhost:50001/devtoo..., se:cdpVersion: 127.0.6533.90, setWindowRect: true, strictFileInteractability: false, timeouts: {implicit: 0, pageLoad: 300000, script: 30000}, unhandledPromptBehavior: dismiss and notify, webauthn:extension:credBlob: true, webauthn:extension:largeBlob: true, webauthn:extension:minPinLength: true, webauthn:extension:prf: true, webauthn:virtualAuthenticators: true}\nSession ID: 008ae26c0db643dd0e161828d1dba99c","status":"FAILED","exception":{"type":"org.openqa.selenium.NoSuchWindowException","message":"no such window: target window already closed\nfrom unknown error: web view not found\n  (Session info: chrome=127.0.6533.90)\nBuild info: version: '4.22.0', revision: 'c5f3146703*'\nSystem info: os.name: 'Windows 10', os.arch: 'amd64', os.version: '10.0', java.version: '20.0.1'\nDriver info: org.openqa.selenium.chrome.ChromeDriver\nCommand: [008ae26c0db643dd0e161828d1dba99c, maximizeCurrentWindow {}]\nCapabilities {acceptInsecureCerts: false, browserName: chrome, browserVersion: 127.0.6533.90, chrome: {chromedriverVersion: 127.0.6533.88 (a2d0cb026721..., userDataDir: C:\\Users\\Test\\AppData\\Local...}, fedcm:accounts: true, goog:chromeOptions: {debuggerAddress: localhost:50001}, networkConnectionEnabled: false, pageLoadStrategy: normal, platformName: windows, proxy: Proxy(), se:cdp: ws://localhost:50001/devtoo..., se:cdpVersion: 127.0.6533.90, setWindowRect: true, strictFileInteractability: false, timeouts: {implicit: 0, pageLoad: 300000, script: 30000}, unhandledPromptBehavior: dismiss and notify, webauthn:extension:credBlob: true, webauthn:extension:largeBlob: true, webauthn:extension:minPinLength: true, webauthn:extension:prf: true, webauthn:virtualAuthenticators: true}\nSession ID: 008ae26c0db643dd0e161828d1dba99c","stackTrace":"org.openqa.selenium.NoSuchWindowException: no such window: target window already closed\nfrom unknown error: web view not found\n  (Session info: chrome=127.0.6533.90)\nBuild info: version: '4.22.0', revision: 'c5f3146703*'\nSystem info: os.name: 'Windows 10', os.arch: 'amd64', os.version: '10.0', java.version: '20.0.1'\nDriver info: org.openqa.selenium.chrome.ChromeDriver\nCommand: [008ae26c0db643dd0e161828d1dba99c, maximizeCurrentWindow {}]\nCapabilities {acceptInsecureCerts: false, browserName: chrome, browserVersion: 127.0.6533.90, chrome: {chromedriverVersion: 127.0.6533.88 (a2d0cb026721..., userDataDir: C:\\Users\\Test\\AppData\\Local...}, fedcm:accounts: true, goog:chromeOptions: {debuggerAddress: localhost:50001}, networkConnectionEnabled: false, pageLoadStrategy: normal, platformName: windows, proxy: Proxy(), se:cdp: ws://localhost:50001/devtoo..., se:cdpVersion: 127.0.6533.90, setWindowRect: true, strictFileInteractability: false, timeouts: {implicit: 0, pageLoad: 300000, script: 30000}, unhandledPromptBehavior: dismiss and notify, webauthn:extension:credBlob: true, webauthn:extension:largeBlob: true, webauthn:extension:minPinLength: true, webauthn:extension:prf: true, webauthn:virtualAuthenticators: true}\nSession ID: 008ae26c0db643dd0e161828d1dba99c\r\n\tat java.base/jdk.internal.reflect.DirectConstructorHandleAccessor.newInstance(DirectConstructorHandleAccessor.java:67)\r\n\tat java.base/java.lang.reflect.Constructor.newInstanceWithCaller(Constructor.java:500)\r\n\tat java.base/java.lang.reflect.Constructor.newInstance(Constructor.java:484)\r\n\tat org.openqa.selenium.remote.ErrorCodec.decode(ErrorCodec.java:167)\r\n\tat org.openqa.selenium.remote.codec.w3c.W3CHttpResponseCodec.decode(W3CHttpResponseCodec.java:138)\r\n\tat org.openqa.selenium.remote.codec.w3c.W3CHttpResponseCodec.decode(W3CHttpResponseCodec.java:50)\r\n\tat org.openqa.selenium.remote.HttpCommandExecutor.execute(HttpCommandExecutor.java:190)\r\n\tat org.openqa.selenium.remote.service.DriverCommandExecutor.invokeExecute(DriverCommandExecutor.java:216)\r\n\tat org.openqa.selenium.remote.service.DriverCommandExecutor.execute(DriverCommandExecutor.java:174)\r\n\tat org.openqa.selenium.remote.RemoteWebDriver.execute(RemoteWebDriver.java:518)\r\n\tat org.openqa.selenium.remote.RemoteWebDriver.execute(RemoteWebDriver.java:591)\r\n\tat org.openqa.selenium.remote.RemoteWebDriver.execute(RemoteWebDriver.java:595)\r\n\tat org.openqa.selenium.remote.RemoteWebDriver$RemoteWebDriverOptions$RemoteWindow.maximize(RemoteWebDriver.java:1034)\r\n\tat myHooks.Hooks.setup(Hooks.java:38)\r\n"}},"timestamp":{"seconds":1723023347,"nanos":186654800}}},{"testStepStarted":{"testCaseStartedId":"3e6f78b4-53a2-4a4d-8c1e-188c17efb921","testStepId":"5cd798c3-00d4-4eca-9053-3ebafcbf9a43","timestamp":{"seconds":1723023347,"nanos":312622500}}},{"testStepFinished":{"testCaseStartedId":"3e6f78b4-53a2-4a4d-8c1e-188c17efb921","testStepId":"5cd798c3-00d4-4eca-9053-3ebafcbf9a43","testStepResult":{"duration":{"seconds":0,"nanos":994900},"status":"SKIPPED"},"timestamp":{"seconds":1723023347,"nanos":313617400}}},{"testStepStarted":{"testCaseStartedId":"3e6f78b4-53a2-4a4d-8c1e-188c17efb921","testStepId":"5dc66a4d-1765-4641-b454-888c7cc75589","timestamp":{"seconds":1723023347,"nanos":392053600}}},{"testStepFinished":{"testCaseStartedId":"3e6f78b4-53a2-4a4d-8c1e-188c17efb921","testStepId":"5dc66a4d-1765-4641-b454-888c7cc75589","testStepResult":{"duration":{"seconds":0,"nanos":998000},"status":"SKIPPED"},"timestamp":{"seconds":1723023347,"nanos":393051600}}},{"testStepStarted":{"testCaseStartedId":"3e6f78b4-53a2-4a4d-8c1e-188c17efb921","testStepId":"2e7a5bf1-ee0d-4efb-89d2-2c3fd821f8f3","timestamp":{"seconds":1723023347,"nanos":395045400}}},{"testStepFinished":{"testCaseStartedId":"3e6f78b4-53a2-4a4d-8c1e-188c17efb921","testStepId":"2e7a5bf1-ee0d-4efb-89d2-2c3fd821f8f3","testStepResult":{"duration":{"seconds":0,"nanos":0},"status":"SKIPPED"},"timestamp":{"seconds":1723023347,"nanos":395045400}}},{"testStepStarted":{"testCaseStartedId":"3e6f78b4-53a2-4a4d-8c1e-188c17efb921","testStepId":"367a2078-09af-49be-ade2-d8f18a24b1f0","timestamp":{"seconds":1723023347,"nanos":396043700}}},{"testStepFinished":{"testCaseStartedId":"3e6f78b4-53a2-4a4d-8c1e-188c17efb921","testStepId":"367a2078-09af-49be-ade2-d8f18a24b1f0","testStepResult":{"duration":{"seconds":0,"nanos":2991500},"status":"SKIPPED"},"timestamp":{"seconds":1723023347,"nanos":399035200}}},{"testStepStarted":{"testCaseStartedId":"3e6f78b4-53a2-4a4d-8c1e-188c17efb921","testStepId":"19944dd1-b473-422e-82a7-233fc09a8e51","timestamp":{"seconds":1723023347,"nanos":400032000}}},{"testStepFinished":{"testCaseStartedId":"3e6f78b4-53a2-4a4d-8c1e-188c17efb921","testStepId":"19944dd1-b473-422e-82a7-233fc09a8e51","testStepResult":{"duration":{"seconds":0,"nanos":0},"status":"SKIPPED"},"timestamp":{"seconds":1723023347,"nanos":400032000}}},{"testStepStarted":{"testCaseStartedId":"3e6f78b4-53a2-4a4d-8c1e-188c17efb921","testStepId":"edd0d6ca-4d4d-4997-9ab1-a25e549b52c2","timestamp":{"seconds":1723023347,"nanos":402035000}}},{"testStepFinished":{"testCaseStartedId":"3e6f78b4-53a2-4a4d-8c1e-188c17efb921","testStepId":"edd0d6ca-4d4d-4997-9ab1-a25e549b52c2","testStepResult":{"duration":{"seconds":0,"nanos":114613400},"message":"no such window: target window already closed\nfrom unknown error: web view not found\n  (Session info: chrome=127.0.6533.90)\nBuild info: version: '4.22.0', revision: 'c5f3146703*'\nSystem info: os.name: 'Windows 10', os.arch: 'amd64', os.version: '10.0', java.version: '20.0.1'\nDriver info: org.openqa.selenium.chrome.ChromeDriver\nCommand: [008ae26c0db643dd0e161828d1dba99c, screenshot {}]\nCapabilities {acceptInsecureCerts: false, browserName: chrome, browserVersion: 127.0.6533.90, chrome: {chromedriverVersion: 127.0.6533.88 (a2d0cb026721..., userDataDir: C:\\Users\\Test\\AppData\\Local...}, fedcm:accounts: true, goog:chromeOptions: {debuggerAddress: localhost:50001}, networkConnectionEnabled: false, pageLoadStrategy: normal, platformName: windows, proxy: Proxy(), se:cdp: ws://localhost:50001/devtoo..., se:cdpVersion: 127.0.6533.90, setWindowRect: true, strictFileInteractability: false, timeouts: {implicit: 0, pageLoad: 300000, script: 30000}, unhandledPromptBehavior: dismiss and notify, webauthn:extension:credBlob: true, webauthn:extension:largeBlob: true, webauthn:extension:minPinLength: true, webauthn:extension:prf: true, webauthn:virtualAuthenticators: true}\nSession ID: 008ae26c0db643dd0e161828d1dba99c","status":"FAILED","exception":{"type":"org.openqa.selenium.NoSuchWindowException","message":"no such window: target window already closed\nfrom unknown error: web view not found\n  (Session info: chrome=127.0.6533.90)\nBuild info: version: '4.22.0', revision: 'c5f3146703*'\nSystem info: os.name: 'Windows 10', os.arch: 'amd64', os.version: '10.0', java.version: '20.0.1'\nDriver info: org.openqa.selenium.chrome.ChromeDriver\nCommand: [008ae26c0db643dd0e161828d1dba99c, screenshot {}]\nCapabilities {acceptInsecureCerts: false, browserName: chrome, browserVersion: 127.0.6533.90, chrome: {chromedriverVersion: 127.0.6533.88 (a2d0cb026721..., userDataDir: C:\\Users\\Test\\AppData\\Local...}, fedcm:accounts: true, goog:chromeOptions: {debuggerAddress: localhost:50001}, networkConnectionEnabled: false, pageLoadStrategy: normal, platformName: windows, proxy: Proxy(), se:cdp: ws://localhost:50001/devtoo..., se:cdpVersion: 127.0.6533.90, setWindowRect: true, strictFileInteractability: false, timeouts: {implicit: 0, pageLoad: 300000, script: 30000}, unhandledPromptBehavior: dismiss and notify, webauthn:extension:credBlob: true, webauthn:extension:largeBlob: true, webauthn:extension:minPinLength: true, webauthn:extension:prf: true, webauthn:virtualAuthenticators: true}\nSession ID: 008ae26c0db643dd0e161828d1dba99c","stackTrace":"org.openqa.selenium.NoSuchWindowException: no such window: target window already closed\nfrom unknown error: web view not found\n  (Session info: chrome=127.0.6533.90)\nBuild info: version: '4.22.0', revision: 'c5f3146703*'\nSystem info: os.name: 'Windows 10', os.arch: 'amd64', os.version: '10.0', java.version: '20.0.1'\nDriver info: org.openqa.selenium.chrome.ChromeDriver\nCommand: [008ae26c0db643dd0e161828d1dba99c, screenshot {}]\nCapabilities {acceptInsecureCerts: false, browserName: chrome, browserVersion: 127.0.6533.90, chrome: {chromedriverVersion: 127.0.6533.88 (a2d0cb026721..., userDataDir: C:\\Users\\Test\\AppData\\Local...}, fedcm:accounts: true, goog:chromeOptions: {debuggerAddress: localhost:50001}, networkConnectionEnabled: false, pageLoadStrategy: normal, platformName: windows, proxy: Proxy(), se:cdp: ws://localhost:50001/devtoo..., se:cdpVersion: 127.0.6533.90, setWindowRect: true, strictFileInteractability: false, timeouts: {implicit: 0, pageLoad: 300000, script: 30000}, unhandledPromptBehavior: dismiss and notify, webauthn:extension:credBlob: true, webauthn:extension:largeBlob: true, webauthn:extension:minPinLength: true, webauthn:extension:prf: true, webauthn:virtualAuthenticators: true}\nSession ID: 008ae26c0db643dd0e161828d1dba99c\r\n\tat java.base/jdk.internal.reflect.DirectConstructorHandleAccessor.newInstance(DirectConstructorHandleAccessor.java:67)\r\n\tat java.base/java.lang.reflect.Constructor.newInstanceWithCaller(Constructor.java:500)\r\n\tat java.base/java.lang.reflect.Constructor.newInstance(Constructor.java:484)\r\n\tat org.openqa.selenium.remote.ErrorCodec.decode(ErrorCodec.java:167)\r\n\tat org.openqa.selenium.remote.codec.w3c.W3CHttpResponseCodec.decode(W3CHttpResponseCodec.java:138)\r\n\tat org.openqa.selenium.remote.codec.w3c.W3CHttpResponseCodec.decode(W3CHttpResponseCodec.java:50)\r\n\tat org.openqa.selenium.remote.HttpCommandExecutor.execute(HttpCommandExecutor.java:190)\r\n\tat org.openqa.selenium.remote.service.DriverCommandExecutor.invokeExecute(DriverCommandExecutor.java:216)\r\n\tat org.openqa.selenium.remote.service.DriverCommandExecutor.execute(DriverCommandExecutor.java:174)\r\n\tat org.openqa.selenium.remote.RemoteWebDriver.execute(RemoteWebDriver.java:518)\r\n\tat org.openqa.selenium.remote.RemoteWebDriver.execute(RemoteWebDriver.java:591)\r\n\tat org.openqa.selenium.remote.RemoteWebDriver.execute(RemoteWebDriver.java:595)\r\n\tat org.openqa.selenium.remote.RemoteWebDriver.getScreenshotAs(RemoteWebDriver.java:321)\r\n\tat myHooks.Hooks.tearDown(Hooks.java:67)\r\n"}},"timestamp":{"seconds":1723023347,"nanos":516648400}}},{"testCaseFinished":{"testCaseStartedId":"3e6f78b4-53a2-4a4d-8c1e-188c17efb921","timestamp":{"seconds":1723023347,"nanos":520636000},"willBeRetried":false}},{"testCase":{"id":"b314f22a-a326-4b3b-aaab-cfc9265b6b2b","pickleId":"70a011e0-9ee1-4b63-9495-66586a8b233d","testSteps":[{"hookId":"866d4bf4-0cf6-41d6-b9de-52561667ae8e","id":"cd9e71d9-1d64-4ef5-b4d7-f230322999e3"},{"id":"fbaaf4ec-1528-46c1-be15-421d6e5546c0","pickleStepId":"61204d9a-31e2-481a-964e-8e5dfb8b9609","stepDefinitionIds":["f9b4560a-7652-41a6-9833-53a61e16318b"],"stepMatchArgumentsLists":[{"stepMatchArguments":[]}]},{"id":"e0ef0c04-6eac-4b43-9cf2-f3e06a81d212","pickleStepId":"14981987-a666-463a-89bd-cdeaef279102","stepDefinitionIds":["12bd3f32-4244-4959-81a9-f8cb257177dc"],"stepMatchArgumentsLists":[{"stepMatchArguments":[{"group":{"children":[],"start":32,"value":"snehalc2@gmail.com"},"parameterTypeName":"anonymous"}]}]},{"id":"cfe06624-6b2c-4069-bd8d-9713d89b7969","pickleStepId":"da7d8a49-5765-4957-bbbe-0b6a8bd7f498","stepDefinitionIds":["8aea7d80-bb5c-4006-ad9d-7b6405eba5d3"],"stepMatchArgumentsLists":[{"stepMatchArguments":[{"group":{"children":[],"start":30,"value":"12345"},"parameterTypeName":"anonymous"}]}]},{"id":"8c7b8bda-f8fc-411c-a87a-36d183e869a9","pickleStepId":"b9d9b220-31f1-4b15-86d2-05d13fb15d90","stepDefinitionIds":["8d10c571-6604-4afd-a699-bc252cf69bd4"],"stepMatchArgumentsLists":[{"stepMatchArguments":[]}]},{"id":"037dc5fd-2c2d-4989-80d4-37f212afa575","pickleStepId":"eabc6efc-c45c-4218-b307-8821e25dd50f","stepDefinitionIds":["447783af-d497-4e82-a865-47ff79b994fb"],"stepMatchArgumentsLists":[{"stepMatchArguments":[]}]},{"hookId":"b983f373-aff1-41c1-921c-34e6410fc8c9","id":"68fcd911-cc6f-4b92-b017-308510c661b4"}]}},{"testCaseStarted":{"attempt":0,"id":"a1f0d1c8-a9aa-4f5f-a0b1-6173c9f388fa","testCaseId":"b314f22a-a326-4b3b-aaab-cfc9265b6b2b","workerId":"main","timestamp":{"seconds":1723023347,"nanos":715894900}}},{"testStepStarted":{"testCaseStartedId":"a1f0d1c8-a9aa-4f5f-a0b1-6173c9f388fa","testStepId":"cd9e71d9-1d64-4ef5-b4d7-f230322999e3","timestamp":{"seconds":1723023347,"nanos":716890000}}},{"testStepFinished":{"testCaseStartedId":"a1f0d1c8-a9aa-4f5f-a0b1-6173c9f388fa","testStepId":"cd9e71d9-1d64-4ef5-b4d7-f230322999e3","testStepResult":{"duration":{"seconds":15,"nanos":801103800},"status":"PASSED"},"timestamp":{"seconds":1723023363,"nanos":517993800}}},{"testStepStarted":{"testCaseStartedId":"a1f0d1c8-a9aa-4f5f-a0b1-6173c9f388fa","testStepId":"fbaaf4ec-1528-46c1-be15-421d6e5546c0","timestamp":{"seconds":1723023363,"nanos":517993800}}},{"testStepFinished":{"testCaseStartedId":"a1f0d1c8-a9aa-4f5f-a0b1-6173c9f388fa","testStepId":"fbaaf4ec-1528-46c1-be15-421d6e5546c0","testStepResult":{"duration":{"seconds":1,"nanos":544203800},"status":"PASSED"},"timestamp":{"seconds":1723023365,"nanos":62197600}}},{"testStepStarted":{"testCaseStartedId":"a1f0d1c8-a9aa-4f5f-a0b1-6173c9f388fa","testStepId":"e0ef0c04-6eac-4b43-9cf2-f3e06a81d212","timestamp":{"seconds":1723023365,"nanos":64192400}}},{"testStepFinished":{"testCaseStartedId":"a1f0d1c8-a9aa-4f5f-a0b1-6173c9f388fa","testStepId":"e0ef0c04-6eac-4b43-9cf2-f3e06a81d212","testStepResult":{"duration":{"seconds":13,"nanos":173754000},"message":"Error communicating with the remote browser. It may have died.\nBuild info: version: '4.22.0', revision: 'c5f3146703*'\nSystem info: os.name: 'Windows 10', os.arch: 'amd64', os.version: '10.0', java.version: '20.0.1'\nDriver info: org.openqa.selenium.chrome.ChromeDriver\nCommand: [80647a791a32ce56a5600209a2e51f71, sendKeysToElement [value, id]]\nCapabilities {acceptInsecureCerts: false, browserName: chrome, browserVersion: 127.0.6533.90, chrome: {chromedriverVersion: 127.0.6533.88 (a2d0cb026721..., userDataDir: C:\\Users\\Test\\AppData\\Local...}, fedcm:accounts: true, goog:chromeOptions: {debuggerAddress: localhost:50060}, networkConnectionEnabled: false, pageLoadStrategy: normal, platformName: windows, proxy: Proxy(), se:cdp: ws://localhost:50060/devtoo..., se:cdpVersion: 127.0.6533.90, setWindowRect: true, strictFileInteractability: false, timeouts: {implicit: 0, pageLoad: 300000, script: 30000}, unhandledPromptBehavior: dismiss and notify, webauthn:extension:credBlob: true, webauthn:extension:largeBlob: true, webauthn:extension:minPinLength: true, webauthn:extension:prf: true, webauthn:virtualAuthenticators: true}\nElement: [[ChromeDriver: chrome on windows (80647a791a32ce56a5600209a2e51f71)] -> xpath: //input[@id='input-email']]\nSession ID: 80647a791a32ce56a5600209a2e51f71","status":"FAILED","exception":{"type":"org.openqa.selenium.remote.UnreachableBrowserException","message":"Error communicating with the remote browser. It may have died.\nBuild info: version: '4.22.0', revision: 'c5f3146703*'\nSystem info: os.name: 'Windows 10', os.arch: 'amd64', os.version: '10.0', java.version: '20.0.1'\nDriver info: org.openqa.selenium.chrome.ChromeDriver\nCommand: [80647a791a32ce56a5600209a2e51f71, sendKeysToElement [value, id]]\nCapabilities {acceptInsecureCerts: false, browserName: chrome, browserVersion: 127.0.6533.90, chrome: {chromedriverVersion: 127.0.6533.88 (a2d0cb026721..., userDataDir: C:\\Users\\Test\\AppData\\Local...}, fedcm:accounts: true, goog:chromeOptions: {debuggerAddress: localhost:50060}, networkConnectionEnabled: false, pageLoadStrategy: normal, platformName: windows, proxy: Proxy(), se:cdp: ws://localhost:50060/devtoo..., se:cdpVersion: 127.0.6533.90, setWindowRect: true, strictFileInteractability: false, timeouts: {implicit: 0, pageLoad: 300000, script: 30000}, unhandledPromptBehavior: dismiss and notify, webauthn:extension:credBlob: true, webauthn:extension:largeBlob: true, webauthn:extension:minPinLength: true, webauthn:extension:prf: true, webauthn:virtualAuthenticators: true}\nElement: [[ChromeDriver: chrome on windows (80647a791a32ce56a5600209a2e51f71)] -> xpath: //input[@id='input-email']]\nSession ID: 80647a791a32ce56a5600209a2e51f71","stackTrace":"org.openqa.selenium.remote.UnreachableBrowserException: Error communicating with the remote browser. It may have died.\nBuild info: version: '4.22.0', revision: 'c5f3146703*'\nSystem info: os.name: 'Windows 10', os.arch: 'amd64', os.version: '10.0', java.version: '20.0.1'\nDriver info: org.openqa.selenium.chrome.ChromeDriver\nCommand: [80647a791a32ce56a5600209a2e51f71, sendKeysToElement [value, id]]\nCapabilities {acceptInsecureCerts: false, browserName: chrome, browserVersion: 127.0.6533.90, chrome: {chromedriverVersion: 127.0.6533.88 (a2d0cb026721..., userDataDir: C:\\Users\\Test\\AppData\\Local...}, fedcm:accounts: true, goog:chromeOptions: {debuggerAddress: localhost:50060}, networkConnectionEnabled: false, pageLoadStrategy: normal, platformName: windows, proxy: Proxy(), se:cdp: ws://localhost:50060/devtoo..., se:cdpVersion: 127.0.6533.90, setWindowRect: true, strictFileInteractability: false, timeouts: {implicit: 0, pageLoad: 300000, script: 30000}, unhandledPromptBehavior: dismiss and notify, webauthn:extension:credBlob: true, webauthn:extension:largeBlob: true, webauthn:extension:minPinLength: true, webauthn:extension:prf: true, webauthn:virtualAuthenticators: true}\nElement: [[ChromeDriver: chrome on windows (80647a791a32ce56a5600209a2e51f71)] -> xpath: //input[@id='input-email']]\nSession ID: 80647a791a32ce56a5600209a2e51f71\r\n\tat org.openqa.selenium.remote.RemoteWebDriver.execute(RemoteWebDriver.java:545)\r\n\tat org.openqa.selenium.remote.RemoteWebElement.execute(RemoteWebElement.java:223)\r\n\tat org.openqa.selenium.remote.RemoteWebElement.sendKeys(RemoteWebElement.java:110)\r\n\tat java.base/jdk.internal.reflect.DirectMethodHandleAccessor.invoke(DirectMethodHandleAccessor.java:104)\r\n\tat java.base/java.lang.reflect.Method.invoke(Method.java:578)\r\n\tat org.openqa.selenium.support.pagefactory.internal.LocatingElementHandler.invoke(LocatingElementHandler.java:51)\r\n\tat jdk.proxy2/jdk.proxy2.$Proxy23.sendKeys(Unknown Source)\r\n\tat utils.ElementUtils.EnterText(ElementUtils.java:45)\r\n\tat pages.LoginPage.EnterEmailAddress(LoginPage.java:36)\r\n\tat stepDefinitions.Login.User_enters_valid_email_address(Login.java:57)\r\n\tat .User enters valid email address snehalc2@gmail.com(file:///C:/Users/Test/eclipse-workspace/TutorialsNinjaProJ/src/test/resources/features/Login.feature:7)\r\nCaused by: java.io.UncheckedIOException: java.io.IOException: HTTP/1.1 header parser received no bytes\r\n\tat org.openqa.selenium.remote.http.jdk.JdkHttpClient.execute0(JdkHttpClient.java:439)\r\n\tat org.openqa.selenium.remote.http.AddSeleniumUserAgent.lambda$apply$0(AddSeleniumUserAgent.java:42)\r\n\tat org.openqa.selenium.remote.http.Filter.lambda$andFinally$1(Filter.java:55)\r\n\tat org.openqa.selenium.remote.http.jdk.JdkHttpClient.execute(JdkHttpClient.java:355)\r\n\tat org.openqa.selenium.remote.HttpCommandExecutor.execute(HttpCommandExecutor.java:187)\r\n\tat org.openqa.selenium.remote.service.DriverCommandExecutor.invokeExecute(DriverCommandExecutor.java:216)\r\n\tat org.openqa.selenium.remote.service.DriverCommandExecutor.execute(DriverCommandExecutor.java:174)\r\n\tat org.openqa.selenium.remote.RemoteWebDriver.execute(RemoteWebDriver.java:518)\r\n\tat org.openqa.selenium.remote.RemoteWebElement.execute(RemoteWebElement.java:223)\r\n\tat org.openqa.selenium.remote.RemoteWebElement.sendKeys(RemoteWebElement.java:110)\r\n\tat java.base/jdk.internal.reflect.DirectMethodHandleAccessor.invoke(DirectMethodHandleAccessor.java:104)\r\n\tat java.base/java.lang.reflect.Method.invoke(Method.java:578)\r\n\tat org.openqa.selenium.support.pagefactory.internal.LocatingElementHandler.invoke(LocatingElementHandler.java:51)\r\n\tat jdk.proxy2/jdk.proxy2.$Proxy23.sendKeys(Unknown Source)\r\n\tat utils.ElementUtils.EnterText(ElementUtils.java:45)\r\n\tat pages.LoginPage.EnterEmailAddress(LoginPage.java:36)\r\n\tat stepDefinitions.Login.User_enters_valid_email_address(Login.java:57)\r\n\tat java.base/jdk.internal.reflect.DirectMethodHandleAccessor.invoke(DirectMethodHandleAccessor.java:104)\r\n\tat java.base/java.lang.reflect.Method.invoke(Method.java:578)\r\n\tat io.cucumber.java.Invoker.doInvoke(Invoker.java:66)\r\n\tat io.cucumber.java.Invoker.invoke(Invoker.java:24)\r\n\tat io.cucumber.java.AbstractGlueDefinition.invokeMethod(AbstractGlueDefinition.java:47)\r\n\tat io.cucumber.java.JavaStepDefinition.execute(JavaStepDefinition.java:29)\r\n\tat io.cucumber.core.runner.CoreStepDefinition.execute(CoreStepDefinition.java:66)\r\n\tat io.cucumber.core.runner.PickleStepDefinitionMatch.runStep(PickleStepDefinitionMatch.java:63)\r\n\tat io.cucumber.core.runner.ExecutionMode$1.execute(ExecutionMode.java:10)\r\n\tat io.cucumber.core.runner.TestStep.executeStep(TestStep.java:81)\r\n\tat io.cucumber.core.runner.TestStep.run(TestStep.java:53)\r\n\tat io.cucumber.core.runner.PickleStepTestStep.run(PickleStepTestStep.java:51)\r\n\tat io.cucumber.core.runner.TestCase.run(TestCase.java:84)\r\n\tat io.cucumber.core.runner.Runner.runPickle(Runner.java:75)\r\n\tat io.cucumber.junit.PickleRunners$NoStepDescriptions.lambda$run$0(PickleRunners.java:151)\r\n\tat io.cucumber.core.runtime.CucumberExecutionContext.lambda$runTestCase$5(CucumberExecutionContext.java:136)\r\n\tat io.cucumber.core.runtime.RethrowingThrowableCollector.executeAndThrow(RethrowingThrowableCollector.java:23)\r\n\tat io.cucumber.core.runtime.CucumberExecutionContext.runTestCase(CucumberExecutionContext.java:136)\r\n\tat io.cucumber.junit.PickleRunners$NoStepDescriptions.run(PickleRunners.java:148)\r\n\tat io.cucumber.junit.FeatureRunner.runChild(FeatureRunner.java:144)\r\n\tat io.cucumber.junit.FeatureRunner.runChild(FeatureRunner.java:28)\r\n\tat org.junit.runners.ParentRunner$4.run(ParentRunner.java:331)\r\n\tat org.junit.runners.ParentRunner$1.schedule(ParentRunner.java:79)\r\n\tat org.junit.runners.ParentRunner.runChildren(ParentRunner.java:329)\r\n\tat org.junit.runners.ParentRunner.access$100(ParentRunner.java:66)\r\n\tat org.junit.runners.ParentRunner$2.evaluate(ParentRunner.java:293)\r\n\tat org.junit.runners.ParentRunner$3.evaluate(ParentRunner.java:306)\r\n\tat org.junit.runners.ParentRunner.run(ParentRunner.java:413)\r\n\tat io.cucumber.junit.FeatureRunner.run(FeatureRunner.java:137)\r\n\tat io.cucumber.junit.Cucumber.runChild(Cucumber.java:196)\r\n\tat io.cucumber.junit.Cucumber.runChild(Cucumber.java:89)\r\n\tat org.junit.runners.ParentRunner$4.run(ParentRunner.java:331)\r\n\tat org.junit.runners.ParentRunner$1.schedule(ParentRunner.java:79)\r\n\tat org.junit.runners.ParentRunner.runChildren(ParentRunner.java:329)\r\n\tat org.junit.runners.ParentRunner.access$100(ParentRunner.java:66)\r\n\tat org.junit.runners.ParentRunner$2.evaluate(ParentRunner.java:293)\r\n\tat io.cucumber.core.runtime.CucumberExecutionContext.lambda$runFeatures$6(CucumberExecutionContext.java:147)\r\n\tat io.cucumber.core.runtime.CucumberExecutionContext.execute(CucumberExecutionContext.java:162)\r\n\tat io.cucumber.core.runtime.CucumberExecutionContext.runFeatures(CucumberExecutionContext.java:145)\r\n\tat io.cucumber.junit.Cucumber$StartAndFinishTestRun.evaluate(Cucumber.java:226)\r\n\tat org.junit.runners.ParentRunner$3.evaluate(ParentRunner.java:306)\r\n\tat org.junit.runners.ParentRunner.run(ParentRunner.java:413)\r\n\tat org.apache.maven.surefire.junit4.JUnit4Provider.execute(JUnit4Provider.java:365)\r\n\tat org.apache.maven.surefire.junit4.JUnit4Provider.executeWithRerun(JUnit4Provider.java:273)\r\n\tat org.apache.maven.surefire.junit4.JUnit4Provider.executeTestSet(JUnit4Provider.java:238)\r\n\tat org.apache.maven.surefire.junit4.JUnit4Provider.invoke(JUnit4Provider.java:159)\r\n\tat org.apache.maven.surefire.booter.ForkedBooter.invokeProviderInSameClassLoader(ForkedBooter.java:384)\r\n\tat org.apache.maven.surefire.booter.ForkedBooter.runSuitesInProcess(ForkedBooter.java:345)\r\n\tat org.apache.maven.surefire.booter.ForkedBooter.execute(ForkedBooter.java:126)\r\n\tat org.apache.maven.surefire.booter.ForkedBooter.main(ForkedBooter.java:418)\r\nCaused by: java.io.IOException: HTTP/1.1 header parser received no bytes\r\n\tat java.net.http/jdk.internal.net.http.common.Utils.wrapWithExtraDetail(Utils.java:348)\r\n\tat java.net.http/jdk.internal.net.http.Http1Response$HeadersReader.onReadError(Http1Response.java:574)\r\n\tat java.net.http/jdk.internal.net.http.Http1AsyncReceiver.checkForErrors(Http1AsyncReceiver.java:302)\r\n\tat java.net.http/jdk.internal.net.http.Http1AsyncReceiver.flush(Http1AsyncReceiver.java:268)\r\n\tat java.net.http/jdk.internal.net.http.common.SequentialScheduler$LockingRestartableTask.run(SequentialScheduler.java:205)\r\n\tat java.net.http/jdk.internal.net.http.common.SequentialScheduler$CompleteRestartableTask.run(SequentialScheduler.java:149)\r\n\tat java.net.http/jdk.internal.net.http.common.SequentialScheduler$SchedulableTask.run(SequentialScheduler.java:230)\r\n\tat java.base/java.util.concurrent.ThreadPoolExecutor.runWorker(ThreadPoolExecutor.java:1144)\r\n\tat java.base/java.util.concurrent.ThreadPoolExecutor$Worker.run(ThreadPoolExecutor.java:642)\r\n\tat java.base/java.lang.Thread.run(Thread.java:1623)\r\nCaused by: java.net.SocketException: Connection reset\r\n\tat java.base/sun.nio.ch.SocketChannelImpl.throwConnectionReset(SocketChannelImpl.java:401)\r\n\tat java.base/sun.nio.ch.SocketChannelImpl.read(SocketChannelImpl.java:434)\r\n\tat java.net.http/jdk.internal.net.http.SocketTube.readAvailable(SocketTube.java:1178)\r\n\tat java.net.http/jdk.internal.net.http.SocketTube$InternalReadPublisher$InternalReadSubscription.read(SocketTube.java:841)\r\n\tat java.net.http/jdk.internal.net.http.SocketTube$SocketFlowTask.run(SocketTube.java:181)\r\n\tat java.net.http/jdk.internal.net.http.common.SequentialScheduler$SchedulableTask.run(SequentialScheduler.java:230)\r\n\tat java.net.http/jdk.internal.net.http.common.SequentialScheduler.runOrSchedule(SequentialScheduler.java:303)\r\n\tat java.net.http/jdk.internal.net.http.common.SequentialScheduler.runOrSchedule(SequentialScheduler.java:256)\r\n\tat java.net.http/jdk.internal.net.http.SocketTube$InternalReadPublisher$InternalReadSubscription.signalReadable(SocketTube.java:782)\r\n\tat java.net.http/jdk.internal.net.http.SocketTube$InternalReadPublisher$ReadEvent.signalEvent(SocketTube.java:965)\r\n\tat java.net.http/jdk.internal.net.http.SocketTube$SocketFlowEvent.handle(SocketTube.java:253)\r\n\tat java.net.http/jdk.internal.net.http.HttpClientImpl$SelectorManager.handleEvent(HttpClientImpl.java:1390)\r\n\tat java.net.http/jdk.internal.net.http.HttpClientImpl$SelectorManager.lambda$run$3(HttpClientImpl.java:1335)\r\n\tat java.base/java.util.ArrayList.forEach(ArrayList.java:1511)\r\n\tat java.net.http/jdk.internal.net.http.HttpClientImpl$SelectorManager.run(HttpClientImpl.java:1335)\r\n"}},"timestamp":{"seconds":1723023378,"nanos":237946400}}},{"testStepStarted":{"testCaseStartedId":"a1f0d1c8-a9aa-4f5f-a0b1-6173c9f388fa","testStepId":"cfe06624-6b2c-4069-bd8d-9713d89b7969","timestamp":{"seconds":1723023378,"nanos":258886100}}},{"testStepFinished":{"testCaseStartedId":"a1f0d1c8-a9aa-4f5f-a0b1-6173c9f388fa","testStepId":"cfe06624-6b2c-4069-bd8d-9713d89b7969","testStepResult":{"duration":{"seconds":0,"nanos":0},"status":"SKIPPED"},"timestamp":{"seconds":1723023378,"nanos":258886100}}},{"testStepStarted":{"testCaseStartedId":"a1f0d1c8-a9aa-4f5f-a0b1-6173c9f388fa","testStepId":"8c7b8bda-f8fc-411c-a87a-36d183e869a9","timestamp":{"seconds":1723023378,"nanos":260895000}}},{"testStepFinished":{"testCaseStartedId":"a1f0d1c8-a9aa-4f5f-a0b1-6173c9f388fa","testStepId":"8c7b8bda-f8fc-411c-a87a-36d183e869a9","testStepResult":{"duration":{"seconds":0,"nanos":983400},"status":"SKIPPED"},"timestamp":{"seconds":1723023378,"nanos":261878400}}},{"testStepStarted":{"testCaseStartedId":"a1f0d1c8-a9aa-4f5f-a0b1-6173c9f388fa","testStepId":"037dc5fd-2c2d-4989-80d4-37f212afa575","timestamp":{"seconds":1723023378,"nanos":263875600}}},{"testStepFinished":{"testCaseStartedId":"a1f0d1c8-a9aa-4f5f-a0b1-6173c9f388fa","testStepId":"037dc5fd-2c2d-4989-80d4-37f212afa575","testStepResult":{"duration":{"seconds":0,"nanos":0},"status":"SKIPPED"},"timestamp":{"seconds":1723023378,"nanos":263875600}}},{"testStepStarted":{"testCaseStartedId":"a1f0d1c8-a9aa-4f5f-a0b1-6173c9f388fa","testStepId":"68fcd911-cc6f-4b92-b017-308510c661b4","timestamp":{"seconds":1723023378,"nanos":265870000}}},{"testStepFinished":{"testCaseStartedId":"a1f0d1c8-a9aa-4f5f-a0b1-6173c9f388fa","testStepId":"68fcd911-cc6f-4b92-b017-308510c661b4","testStepResult":{"duration":{"seconds":0,"nanos":30919200},"message":"Error communicating with the remote browser. It may have died.\nBuild info: version: '4.22.0', revision: 'c5f3146703*'\nSystem info: os.name: 'Windows 10', os.arch: 'amd64', os.version: '10.0', java.version: '20.0.1'\nDriver info: org.openqa.selenium.chrome.ChromeDriver\nCommand: [80647a791a32ce56a5600209a2e51f71, screenshot []]\nCapabilities {acceptInsecureCerts: false, browserName: chrome, browserVersion: 127.0.6533.90, chrome: {chromedriverVersion: 127.0.6533.88 (a2d0cb026721..., userDataDir: C:\\Users\\Test\\AppData\\Local...}, fedcm:accounts: true, goog:chromeOptions: {debuggerAddress: localhost:50060}, networkConnectionEnabled: false, pageLoadStrategy: normal, platformName: windows, proxy: Proxy(), se:cdp: ws://localhost:50060/devtoo..., se:cdpVersion: 127.0.6533.90, setWindowRect: true, strictFileInteractability: false, timeouts: {implicit: 0, pageLoad: 300000, script: 30000}, unhandledPromptBehavior: dismiss and notify, webauthn:extension:credBlob: true, webauthn:extension:largeBlob: true, webauthn:extension:minPinLength: true, webauthn:extension:prf: true, webauthn:virtualAuthenticators: true}\nSession ID: 80647a791a32ce56a5600209a2e51f71","status":"FAILED","exception":{"type":"org.openqa.selenium.remote.UnreachableBrowserException","message":"Error communicating with the remote browser. It may have died.\nBuild info: version: '4.22.0', revision: 'c5f3146703*'\nSystem info: os.name: 'Windows 10', os.arch: 'amd64', os.version: '10.0', java.version: '20.0.1'\nDriver info: org.openqa.selenium.chrome.ChromeDriver\nCommand: [80647a791a32ce56a5600209a2e51f71, screenshot []]\nCapabilities {acceptInsecureCerts: false, browserName: chrome, browserVersion: 127.0.6533.90, chrome: {chromedriverVersion: 127.0.6533.88 (a2d0cb026721..., userDataDir: C:\\Users\\Test\\AppData\\Local...}, fedcm:accounts: true, goog:chromeOptions: {debuggerAddress: localhost:50060}, networkConnectionEnabled: false, pageLoadStrategy: normal, platformName: windows, proxy: Proxy(), se:cdp: ws://localhost:50060/devtoo..., se:cdpVersion: 127.0.6533.90, setWindowRect: true, strictFileInteractability: false, timeouts: {implicit: 0, pageLoad: 300000, script: 30000}, unhandledPromptBehavior: dismiss and notify, webauthn:extension:credBlob: true, webauthn:extension:largeBlob: true, webauthn:extension:minPinLength: true, webauthn:extension:prf: true, webauthn:virtualAuthenticators: true}\nSession ID: 80647a791a32ce56a5600209a2e51f71","stackTrace":"org.openqa.selenium.remote.UnreachableBrowserException: Error communicating with the remote browser. It may have died.\nBuild info: version: '4.22.0', revision: 'c5f3146703*'\nSystem info: os.name: 'Windows 10', os.arch: 'amd64', os.version: '10.0', java.version: '20.0.1'\nDriver info: org.openqa.selenium.chrome.ChromeDriver\nCommand: [80647a791a32ce56a5600209a2e51f71, screenshot []]\nCapabilities {acceptInsecureCerts: false, browserName: chrome, browserVersion: 127.0.6533.90, chrome: {chromedriverVersion: 127.0.6533.88 (a2d0cb026721..., userDataDir: C:\\Users\\Test\\AppData\\Local...}, fedcm:accounts: true, goog:chromeOptions: {debuggerAddress: localhost:50060}, networkConnectionEnabled: false, pageLoadStrategy: normal, platformName: windows, proxy: Proxy(), se:cdp: ws://localhost:50060/devtoo..., se:cdpVersion: 127.0.6533.90, setWindowRect: true, strictFileInteractability: false, timeouts: {implicit: 0, pageLoad: 300000, script: 30000}, unhandledPromptBehavior: dismiss and notify, webauthn:extension:credBlob: true, webauthn:extension:largeBlob: true, webauthn:extension:minPinLength: true, webauthn:extension:prf: true, webauthn:virtualAuthenticators: true}\nSession ID: 80647a791a32ce56a5600209a2e51f71\r\n\tat org.openqa.selenium.remote.RemoteWebDriver.execute(RemoteWebDriver.java:545)\r\n\tat org.openqa.selenium.remote.RemoteWebDriver.execute(RemoteWebDriver.java:591)\r\n\tat org.openqa.selenium.remote.RemoteWebDriver.execute(RemoteWebDriver.java:595)\r\n\tat org.openqa.selenium.remote.RemoteWebDriver.getScreenshotAs(RemoteWebDriver.java:321)\r\n\tat myHooks.Hooks.tearDown(Hooks.java:67)\r\nCaused by: java.io.UncheckedIOException: java.net.ConnectException\r\n\tat org.openqa.selenium.remote.http.jdk.JdkHttpClient.execute0(JdkHttpClient.java:439)\r\n\tat org.openqa.selenium.remote.http.AddSeleniumUserAgent.lambda$apply$0(AddSeleniumUserAgent.java:42)\r\n\tat org.openqa.selenium.remote.http.Filter.lambda$andFinally$1(Filter.java:55)\r\n\tat org.openqa.selenium.remote.http.jdk.JdkHttpClient.execute(JdkHttpClient.java:355)\r\n\tat org.openqa.selenium.remote.HttpCommandExecutor.execute(HttpCommandExecutor.java:187)\r\n\tat org.openqa.selenium.remote.service.DriverCommandExecutor.invokeExecute(DriverCommandExecutor.java:216)\r\n\tat org.openqa.selenium.remote.service.DriverCommandExecutor.execute(DriverCommandExecutor.java:174)\r\n\tat org.openqa.selenium.remote.RemoteWebDriver.execute(RemoteWebDriver.java:518)\r\n\tat org.openqa.selenium.remote.RemoteWebDriver.execute(RemoteWebDriver.java:591)\r\n\tat org.openqa.selenium.remote.RemoteWebDriver.execute(RemoteWebDriver.java:595)\r\n\tat org.openqa.selenium.remote.RemoteWebDriver.getScreenshotAs(RemoteWebDriver.java:321)\r\n\tat myHooks.Hooks.tearDown(Hooks.java:67)\r\n\tat java.base/jdk.internal.reflect.DirectMethodHandleAccessor.invoke(DirectMethodHandleAccessor.java:104)\r\n\tat java.base/java.lang.reflect.Method.invoke(Method.java:578)\r\n\tat io.cucumber.java.Invoker.doInvoke(Invoker.java:66)\r\n\tat io.cucumber.java.Invoker.invokeStatic(Invoker.java:80)\r\n\tat io.cucumber.java.AbstractGlueDefinition.invokeMethod(AbstractGlueDefinition.java:45)\r\n\tat io.cucumber.java.JavaHookDefinition.execute(JavaHookDefinition.java:64)\r\n\tat io.cucumber.core.runner.CoreHookDefinition.execute(CoreHookDefinition.java:46)\r\n\tat io.cucumber.core.runner.HookDefinitionMatch.runStep(HookDefinitionMatch.java:21)\r\n\tat io.cucumber.core.runner.ExecutionMode$1.execute(ExecutionMode.java:10)\r\n\tat io.cucumber.core.runner.TestStep.executeStep(TestStep.java:81)\r\n\tat io.cucumber.core.runner.TestStep.run(TestStep.java:53)\r\n\tat io.cucumber.core.runner.TestCase.run(TestCase.java:90)\r\n\tat io.cucumber.core.runner.Runner.runPickle(Runner.java:75)\r\n\tat io.cucumber.junit.PickleRunners$NoStepDescriptions.lambda$run$0(PickleRunners.java:151)\r\n\tat io.cucumber.core.runtime.CucumberExecutionContext.lambda$runTestCase$5(CucumberExecutionContext.java:136)\r\n\tat io.cucumber.core.runtime.RethrowingThrowableCollector.executeAndThrow(RethrowingThrowableCollector.java:23)\r\n\tat io.cucumber.core.runtime.CucumberExecutionContext.runTestCase(CucumberExecutionContext.java:136)\r\n\tat io.cucumber.junit.PickleRunners$NoStepDescriptions.run(PickleRunners.java:148)\r\n\tat io.cucumber.junit.FeatureRunner.runChild(FeatureRunner.java:144)\r\n\tat io.cucumber.junit.FeatureRunner.runChild(FeatureRunner.java:28)\r\n\tat org.junit.runners.ParentRunner$4.run(ParentRunner.java:331)\r\n\tat org.junit.runners.ParentRunner$1.schedule(ParentRunner.java:79)\r\n\tat org.junit.runners.ParentRunner.runChildren(ParentRunner.java:329)\r\n\tat org.junit.runners.ParentRunner.access$100(ParentRunner.java:66)\r\n\tat org.junit.runners.ParentRunner$2.evaluate(ParentRunner.java:293)\r\n\tat org.junit.runners.ParentRunner$3.evaluate(ParentRunner.java:306)\r\n\tat org.junit.runners.ParentRunner.run(ParentRunner.java:413)\r\n\tat io.cucumber.junit.FeatureRunner.run(FeatureRunner.java:137)\r\n\tat io.cucumber.junit.Cucumber.runChild(Cucumber.java:196)\r\n\tat io.cucumber.junit.Cucumber.runChild(Cucumber.java:89)\r\n\tat org.junit.runners.ParentRunner$4.run(ParentRunner.java:331)\r\n\tat org.junit.runners.ParentRunner$1.schedule(ParentRunner.java:79)\r\n\tat org.junit.runners.ParentRunner.runChildren(ParentRunner.java:329)\r\n\tat org.junit.runners.ParentRunner.access$100(ParentRunner.java:66)\r\n\tat org.junit.runners.ParentRunner$2.evaluate(ParentRunner.java:293)\r\n\tat io.cucumber.core.runtime.CucumberExecutionContext.lambda$runFeatures$6(CucumberExecutionContext.java:147)\r\n\tat io.cucumber.core.runtime.CucumberExecutionContext.execute(CucumberExecutionContext.java:162)\r\n\tat io.cucumber.core.runtime.CucumberExecutionContext.runFeatures(CucumberExecutionContext.java:145)\r\n\tat io.cucumber.junit.Cucumber$StartAndFinishTestRun.evaluate(Cucumber.java:226)\r\n\tat org.junit.runners.ParentRunner$3.evaluate(ParentRunner.java:306)\r\n\tat org.junit.runners.ParentRunner.run(ParentRunner.java:413)\r\n\tat org.apache.maven.surefire.junit4.JUnit4Provider.execute(JUnit4Provider.java:365)\r\n\tat org.apache.maven.surefire.junit4.JUnit4Provider.executeWithRerun(JUnit4Provider.java:273)\r\n\tat org.apache.maven.surefire.junit4.JUnit4Provider.executeTestSet(JUnit4Provider.java:238)\r\n\tat org.apache.maven.surefire.junit4.JUnit4Provider.invoke(JUnit4Provider.java:159)\r\n\tat org.apache.maven.surefire.booter.ForkedBooter.invokeProviderInSameClassLoader(ForkedBooter.java:384)\r\n\tat org.apache.maven.surefire.booter.ForkedBooter.runSuitesInProcess(ForkedBooter.java:345)\r\n\tat org.apache.maven.surefire.booter.ForkedBooter.execute(ForkedBooter.java:126)\r\n\tat org.apache.maven.surefire.booter.ForkedBooter.main(ForkedBooter.java:418)\r\nCaused by: java.net.ConnectException\r\n\tat java.net.http/jdk.internal.net.http.common.Utils.toConnectException(Utils.java:1053)\r\n\tat java.net.http/jdk.internal.net.http.PlainHttpConnection.connectAsync(PlainHttpConnection.java:224)\r\n\tat java.net.http/jdk.internal.net.http.PlainHttpConnection.checkRetryConnect(PlainHttpConnection.java:259)\r\n\tat java.net.http/jdk.internal.net.http.PlainHttpConnection.lambda$connectAsync$2(PlainHttpConnection.java:235)\r\n\tat java.base/java.util.concurrent.CompletableFuture.uniHandle(CompletableFuture.java:934)\r\n\tat java.base/java.util.concurrent.CompletableFuture$UniHandle.tryFire(CompletableFuture.java:911)\r\n\tat java.base/java.util.concurrent.CompletableFuture.postComplete(CompletableFuture.java:510)\r\n\tat java.base/java.util.concurrent.CompletableFuture$AsyncSupply.run(CompletableFuture.java:1773)\r\n\tat java.base/java.util.concurrent.ThreadPoolExecutor.runWorker(ThreadPoolExecutor.java:1144)\r\n\tat java.base/java.util.concurrent.ThreadPoolExecutor$Worker.run(ThreadPoolExecutor.java:642)\r\n\tat java.base/java.lang.Thread.run(Thread.java:1623)\r\nCaused by: java.nio.channels.ClosedChannelException\r\n\tat java.base/sun.nio.ch.SocketChannelImpl.ensureOpen(SocketChannelImpl.java:202)\r\n\tat java.base/sun.nio.ch.SocketChannelImpl.beginConnect(SocketChannelImpl.java:786)\r\n\tat java.base/sun.nio.ch.SocketChannelImpl.connect(SocketChannelImpl.java:874)\r\n\tat java.net.http/jdk.internal.net.http.PlainHttpConnection.lambda$connectAsync$1(PlainHttpConnection.java:208)\r\n\tat java.base/java.security.AccessController.doPrivileged(AccessController.java:571)\r\n\tat java.net.http/jdk.internal.net.http.PlainHttpConnection.connectAsync(PlainHttpConnection.java:210)\r\n\t... 9 more\r\n"}},"timestamp":{"seconds":1723023378,"nanos":296789200}}},{"testCaseFinished":{"testCaseStartedId":"a1f0d1c8-a9aa-4f5f-a0b1-6173c9f388fa","timestamp":{"seconds":1723023378,"nanos":302772300},"willBeRetried":false}},{"testCase":{"id":"3f9fb3c7-2d44-4436-b68e-c7177619d027","pickleId":"1f73db17-ec1f-4405-83ba-00c5c21679bb","testSteps":[{"hookId":"866d4bf4-0cf6-41d6-b9de-52561667ae8e","id":"46d8099c-eebe-4a97-b5d4-52dcd10867a5"},{"id":"0aabbbb7-ff4a-4273-b6b4-9113476c1a9a","pickleStepId":"f5e5bda4-2673-466f-aa98-66b5b31c1e56","stepDefinitionIds":["3f27f769-0089-4553-926f-16f6cb0e5ead"],"stepMatchArgumentsLists":[{"stepMatchArguments":[]}]},{"id":"40c72a36-c006-4ae9-9298-0bc3a7c55ee1","pickleStepId":"a2fb0eeb-18cb-4dce-ab0e-8b791966e950","stepDefinitionIds":["25b6dbcd-c9eb-4318-86c2-25ed808ade5c"],"stepMatchArgumentsLists":[{"stepMatchArguments":[{"group":{"children":[],"start":32,"value":"snehalc3@gmail.com"},"parameterTypeName":"anonymous"}]}]},{"id":"443c29f3-e931-4c8b-943a-48833d26d43e","pickleStepId":"e24bf9ea-3bfb-4121-87ce-d3853cc8b1d6","stepDefinitionIds":["61341213-cc99-4c68-aadd-6d5d935276b5"],"stepMatchArgumentsLists":[{"stepMatchArguments":[{"group":{"children":[],"start":30,"value":"12345"},"parameterTypeName":"anonymous"}]}]},{"id":"85d0aada-263a-487a-a445-9d02fe7ed527","pickleStepId":"47317943-e65b-47f4-97b2-5db100ed1c27","stepDefinitionIds":["3dd9e897-08dd-4f4e-9acf-24b17f526f31"],"stepMatchArgumentsLists":[{"stepMatchArguments":[]}]},{"id":"90e3a7ba-cbea-48ce-9493-69205c58fdc7","pickleStepId":"89f7dfe6-f3aa-495b-b3bf-e83baa50770e","stepDefinitionIds":["46a449f1-bdc0-48c2-a23c-66824e99d104"],"stepMatchArgumentsLists":[{"stepMatchArguments":[]}]},{"hookId":"b983f373-aff1-41c1-921c-34e6410fc8c9","id":"668acfa6-12a0-40bd-ae03-ee80103f9ed8"}]}},{"testCaseStarted":{"attempt":0,"id":"472fe682-0df5-44fe-a2e7-a945be90b7a2","testCaseId":"3f9fb3c7-2d44-4436-b68e-c7177619d027","workerId":"main","timestamp":{"seconds":1723023378,"nanos":336690600}}},{"testStepStarted":{"testCaseStartedId":"472fe682-0df5-44fe-a2e7-a945be90b7a2","testStepId":"46d8099c-eebe-4a97-b5d4-52dcd10867a5","timestamp":{"seconds":1723023378,"nanos":339670400}}},{"testStepFinished":{"testCaseStartedId":"472fe682-0df5-44fe-a2e7-a945be90b7a2","testStepId":"46d8099c-eebe-4a97-b5d4-52dcd10867a5","testStepResult":{"duration":{"seconds":5,"nanos":497135800},"message":"Error communicating with the remote browser. It may have died.\nBuild info: version: '4.22.0', revision: 'c5f3146703*'\nSystem info: os.name: 'Windows 10', os.arch: 'amd64', os.version: '10.0', java.version: '20.0.1'\nDriver info: org.openqa.selenium.chrome.ChromeDriver\nCommand: [69630af2b4e32360892146f6684655f4, deleteAllCookies []]\nCapabilities {acceptInsecureCerts: false, browserName: chrome, browserVersion: 127.0.6533.90, chrome: {chromedriverVersion: 127.0.6533.88 (a2d0cb026721..., userDataDir: C:\\Users\\Test\\AppData\\Local...}, fedcm:accounts: true, goog:chromeOptions: {debuggerAddress: localhost:50085}, networkConnectionEnabled: false, pageLoadStrategy: normal, platformName: windows, proxy: Proxy(), se:cdp: ws://localhost:50085/devtoo..., se:cdpVersion: 127.0.6533.90, setWindowRect: true, strictFileInteractability: false, timeouts: {implicit: 0, pageLoad: 300000, script: 30000}, unhandledPromptBehavior: dismiss and notify, webauthn:extension:credBlob: true, webauthn:extension:largeBlob: true, webauthn:extension:minPinLength: true, webauthn:extension:prf: true, webauthn:virtualAuthenticators: true}\nSession ID: 69630af2b4e32360892146f6684655f4","status":"FAILED","exception":{"type":"org.openqa.selenium.remote.UnreachableBrowserException","message":"Error communicating with the remote browser. It may have died.\nBuild info: version: '4.22.0', revision: 'c5f3146703*'\nSystem info: os.name: 'Windows 10', os.arch: 'amd64', os.version: '10.0', java.version: '20.0.1'\nDriver info: org.openqa.selenium.chrome.ChromeDriver\nCommand: [69630af2b4e32360892146f6684655f4, deleteAllCookies []]\nCapabilities {acceptInsecureCerts: false, browserName: chrome, browserVersion: 127.0.6533.90, chrome: {chromedriverVersion: 127.0.6533.88 (a2d0cb026721..., userDataDir: C:\\Users\\Test\\AppData\\Local...}, fedcm:accounts: true, goog:chromeOptions: {debuggerAddress: localhost:50085}, networkConnectionEnabled: false, pageLoadStrategy: normal, platformName: windows, proxy: Proxy(), se:cdp: ws://localhost:50085/devtoo..., se:cdpVersion: 127.0.6533.90, setWindowRect: true, strictFileInteractability: false, timeouts: {implicit: 0, pageLoad: 300000, script: 30000}, unhandledPromptBehavior: dismiss and notify, webauthn:extension:credBlob: true, webauthn:extension:largeBlob: true, webauthn:extension:minPinLength: true, webauthn:extension:prf: true, webauthn:virtualAuthenticators: true}\nSession ID: 69630af2b4e32360892146f6684655f4","stackTrace":"org.openqa.selenium.remote.UnreachableBrowserException: Error communicating with the remote browser. It may have died.\nBuild info: version: '4.22.0', revision: 'c5f3146703*'\nSystem info: os.name: 'Windows 10', os.arch: 'amd64', os.version: '10.0', java.version: '20.0.1'\nDriver info: org.openqa.selenium.chrome.ChromeDriver\nCommand: [69630af2b4e32360892146f6684655f4, deleteAllCookies []]\nCapabilities {acceptInsecureCerts: false, browserName: chrome, browserVersion: 127.0.6533.90, chrome: {chromedriverVersion: 127.0.6533.88 (a2d0cb026721..., userDataDir: C:\\Users\\Test\\AppData\\Local...}, fedcm:accounts: true, goog:chromeOptions: {debuggerAddress: localhost:50085}, networkConnectionEnabled: false, pageLoadStrategy: normal, platformName: windows, proxy: Proxy(), se:cdp: ws://localhost:50085/devtoo..., se:cdpVersion: 127.0.6533.90, setWindowRect: true, strictFileInteractability: false, timeouts: {implicit: 0, pageLoad: 300000, script: 30000}, unhandledPromptBehavior: dismiss and notify, webauthn:extension:credBlob: true, webauthn:extension:largeBlob: true, webauthn:extension:minPinLength: true, webauthn:extension:prf: true, webauthn:virtualAuthenticators: true}\nSession ID: 69630af2b4e32360892146f6684655f4\r\n\tat org.openqa.selenium.remote.RemoteWebDriver.execute(RemoteWebDriver.java:545)\r\n\tat org.openqa.selenium.remote.RemoteWebDriver.execute(RemoteWebDriver.java:591)\r\n\tat org.openqa.selenium.remote.RemoteWebDriver.execute(RemoteWebDriver.java:595)\r\n\tat org.openqa.selenium.remote.RemoteWebDriver$RemoteWebDriverOptions.deleteAllCookies(RemoteWebDriver.java:855)\r\n\tat myHooks.Hooks.setup(Hooks.java:37)\r\nCaused by: java.io.UncheckedIOException: java.io.IOException: HTTP/1.1 header parser received no bytes\r\n\tat org.openqa.selenium.remote.http.jdk.JdkHttpClient.execute0(JdkHttpClient.java:439)\r\n\tat org.openqa.selenium.remote.http.AddSeleniumUserAgent.lambda$apply$0(AddSeleniumUserAgent.java:42)\r\n\tat org.openqa.selenium.remote.http.Filter.lambda$andFinally$1(Filter.java:55)\r\n\tat org.openqa.selenium.remote.http.jdk.JdkHttpClient.execute(JdkHttpClient.java:355)\r\n\tat org.openqa.selenium.remote.HttpCommandExecutor.execute(HttpCommandExecutor.java:187)\r\n\tat org.openqa.selenium.remote.service.DriverCommandExecutor.invokeExecute(DriverCommandExecutor.java:216)\r\n\tat org.openqa.selenium.remote.service.DriverCommandExecutor.execute(DriverCommandExecutor.java:174)\r\n\tat org.openqa.selenium.remote.RemoteWebDriver.execute(RemoteWebDriver.java:518)\r\n\tat org.openqa.selenium.remote.RemoteWebDriver.execute(RemoteWebDriver.java:591)\r\n\tat org.openqa.selenium.remote.RemoteWebDriver.execute(RemoteWebDriver.java:595)\r\n\tat org.openqa.selenium.remote.RemoteWebDriver$RemoteWebDriverOptions.deleteAllCookies(RemoteWebDriver.java:855)\r\n\tat myHooks.Hooks.setup(Hooks.java:37)\r\n\tat java.base/jdk.internal.reflect.DirectMethodHandleAccessor.invoke(DirectMethodHandleAccessor.java:104)\r\n\tat java.base/java.lang.reflect.Method.invoke(Method.java:578)\r\n\tat io.cucumber.java.Invoker.doInvoke(Invoker.java:66)\r\n\tat io.cucumber.java.Invoker.invokeStatic(Invoker.java:80)\r\n\tat io.cucumber.java.AbstractGlueDefinition.invokeMethod(AbstractGlueDefinition.java:45)\r\n\tat io.cucumber.java.JavaHookDefinition.execute(JavaHookDefinition.java:64)\r\n\tat io.cucumber.core.runner.CoreHookDefinition.execute(CoreHookDefinition.java:46)\r\n\tat io.cucumber.core.runner.HookDefinitionMatch.runStep(HookDefinitionMatch.java:21)\r\n\tat io.cucumber.core.runner.ExecutionMode$1.execute(ExecutionMode.java:10)\r\n\tat io.cucumber.core.runner.TestStep.executeStep(TestStep.java:81)\r\n\tat io.cucumber.core.runner.TestStep.run(TestStep.java:53)\r\n\tat io.cucumber.core.runner.TestCase.run(TestCase.java:78)\r\n\tat io.cucumber.core.runner.Runner.runPickle(Runner.java:75)\r\n\tat io.cucumber.junit.PickleRunners$NoStepDescriptions.lambda$run$0(PickleRunners.java:151)\r\n\tat io.cucumber.core.runtime.CucumberExecutionContext.lambda$runTestCase$5(CucumberExecutionContext.java:136)\r\n\tat io.cucumber.core.runtime.RethrowingThrowableCollector.executeAndThrow(RethrowingThrowableCollector.java:23)\r\n\tat io.cucumber.core.runtime.CucumberExecutionContext.runTestCase(CucumberExecutionContext.java:136)\r\n\tat io.cucumber.junit.PickleRunners$NoStepDescriptions.run(PickleRunners.java:148)\r\n\tat io.cucumber.junit.FeatureRunner.runChild(FeatureRunner.java:144)\r\n\tat io.cucumber.junit.FeatureRunner.runChild(FeatureRunner.java:28)\r\n\tat org.junit.runners.ParentRunner$4.run(ParentRunner.java:331)\r\n\tat org.junit.runners.ParentRunner$1.schedule(ParentRunner.java:79)\r\n\tat org.junit.runners.ParentRunner.runChildren(ParentRunner.java:329)\r\n\tat org.junit.runners.ParentRunner.access$100(ParentRunner.java:66)\r\n\tat org.junit.runners.ParentRunner$2.evaluate(ParentRunner.java:293)\r\n\tat org.junit.runners.ParentRunner$3.evaluate(ParentRunner.java:306)\r\n\tat org.junit.runners.ParentRunner.run(ParentRunner.java:413)\r\n\tat io.cucumber.junit.FeatureRunner.run(FeatureRunner.java:137)\r\n\tat io.cucumber.junit.Cucumber.runChild(Cucumber.java:196)\r\n\tat io.cucumber.junit.Cucumber.runChild(Cucumber.java:89)\r\n\tat org.junit.runners.ParentRunner$4.run(ParentRunner.java:331)\r\n\tat org.junit.runners.ParentRunner$1.schedule(ParentRunner.java:79)\r\n\tat org.junit.runners.ParentRunner.runChildren(ParentRunner.java:329)\r\n\tat org.junit.runners.ParentRunner.access$100(ParentRunner.java:66)\r\n\tat org.junit.runners.ParentRunner$2.evaluate(ParentRunner.java:293)\r\n\tat io.cucumber.core.runtime.CucumberExecutionContext.lambda$runFeatures$6(CucumberExecutionContext.java:147)\r\n\tat io.cucumber.core.runtime.CucumberExecutionContext.execute(CucumberExecutionContext.java:162)\r\n\tat io.cucumber.core.runtime.CucumberExecutionContext.runFeatures(CucumberExecutionContext.java:145)\r\n\tat io.cucumber.junit.Cucumber$StartAndFinishTestRun.evaluate(Cucumber.java:226)\r\n\tat org.junit.runners.ParentRunner$3.evaluate(ParentRunner.java:306)\r\n\tat org.junit.runners.ParentRunner.run(ParentRunner.java:413)\r\n\tat org.apache.maven.surefire.junit4.JUnit4Provider.execute(JUnit4Provider.java:365)\r\n\tat org.apache.maven.surefire.junit4.JUnit4Provider.executeWithRerun(JUnit4Provider.java:273)\r\n\tat org.apache.maven.surefire.junit4.JUnit4Provider.executeTestSet(JUnit4Provider.java:238)\r\n\tat org.apache.maven.surefire.junit4.JUnit4Provider.invoke(JUnit4Provider.java:159)\r\n\tat org.apache.maven.surefire.booter.ForkedBooter.invokeProviderInSameClassLoader(ForkedBooter.java:384)\r\n\tat org.apache.maven.surefire.booter.ForkedBooter.runSuitesInProcess(ForkedBooter.java:345)\r\n\tat org.apache.maven.surefire.booter.ForkedBooter.execute(ForkedBooter.java:126)\r\n\tat org.apache.maven.surefire.booter.ForkedBooter.main(ForkedBooter.java:418)\r\nCaused by: java.io.IOException: HTTP/1.1 header parser received no bytes\r\n\tat java.net.http/jdk.internal.net.http.common.Utils.wrapWithExtraDetail(Utils.java:348)\r\n\tat java.net.http/jdk.internal.net.http.Http1Response$HeadersReader.onReadError(Http1Response.java:574)\r\n\tat java.net.http/jdk.internal.net.http.Http1AsyncReceiver.checkForErrors(Http1AsyncReceiver.java:302)\r\n\tat java.net.http/jdk.internal.net.http.Http1AsyncReceiver.flush(Http1AsyncReceiver.java:268)\r\n\tat java.net.http/jdk.internal.net.http.common.SequentialScheduler$LockingRestartableTask.run(SequentialScheduler.java:205)\r\n\tat java.net.http/jdk.internal.net.http.common.SequentialScheduler$CompleteRestartableTask.run(SequentialScheduler.java:149)\r\n\tat java.net.http/jdk.internal.net.http.common.SequentialScheduler$SchedulableTask.run(SequentialScheduler.java:230)\r\n\tat java.base/java.util.concurrent.ThreadPoolExecutor.runWorker(ThreadPoolExecutor.java:1144)\r\n\tat java.base/java.util.concurrent.ThreadPoolExecutor$Worker.run(ThreadPoolExecutor.java:642)\r\n\tat java.base/java.lang.Thread.run(Thread.java:1623)\r\nCaused by: java.net.SocketException: Connection reset\r\n\tat java.base/sun.nio.ch.SocketChannelImpl.throwConnectionReset(SocketChannelImpl.java:401)\r\n\tat java.base/sun.nio.ch.SocketChannelImpl.read(SocketChannelImpl.java:434)\r\n\tat java.net.http/jdk.internal.net.http.SocketTube.readAvailable(SocketTube.java:1178)\r\n\tat java.net.http/jdk.internal.net.http.SocketTube$InternalReadPublisher$InternalReadSubscription.read(SocketTube.java:841)\r\n\tat java.net.http/jdk.internal.net.http.SocketTube$SocketFlowTask.run(SocketTube.java:181)\r\n\tat java.net.http/jdk.internal.net.http.common.SequentialScheduler$SchedulableTask.run(SequentialScheduler.java:230)\r\n\tat java.net.http/jdk.internal.net.http.common.SequentialScheduler.runOrSchedule(SequentialScheduler.java:303)\r\n\tat java.net.http/jdk.internal.net.http.common.SequentialScheduler.runOrSchedule(SequentialScheduler.java:256)\r\n\tat java.net.http/jdk.internal.net.http.SocketTube$InternalReadPublisher$InternalReadSubscription.signalReadable(SocketTube.java:782)\r\n\tat java.net.http/jdk.internal.net.http.SocketTube$InternalReadPublisher$ReadEvent.signalEvent(SocketTube.java:965)\r\n\tat java.net.http/jdk.internal.net.http.SocketTube$SocketFlowEvent.handle(SocketTube.java:253)\r\n\tat java.net.http/jdk.internal.net.http.HttpClientImpl$SelectorManager.handleEvent(HttpClientImpl.java:1390)\r\n\tat java.net.http/jdk.internal.net.http.HttpClientImpl$SelectorManager.lambda$run$3(HttpClientImpl.java:1335)\r\n\tat java.base/java.util.ArrayList.forEach(ArrayList.java:1511)\r\n\tat java.net.http/jdk.internal.net.http.HttpClientImpl$SelectorManager.run(HttpClientImpl.java:1335)\r\n"}},"timestamp":{"seconds":1723023383,"nanos":836806200}}},{"testStepStarted":{"testCaseStartedId":"472fe682-0df5-44fe-a2e7-a945be90b7a2","testStepId":"0aabbbb7-ff4a-4273-b6b4-9113476c1a9a","timestamp":{"seconds":1723023383,"nanos":875695200}}},{"testStepFinished":{"testCaseStartedId":"472fe682-0df5-44fe-a2e7-a945be90b7a2","testStepId":"0aabbbb7-ff4a-4273-b6b4-9113476c1a9a","testStepResult":{"duration":{"seconds":0,"nanos":997200},"status":"SKIPPED"},"timestamp":{"seconds":1723023383,"nanos":876692400}}},{"testStepStarted":{"testCaseStartedId":"472fe682-0df5-44fe-a2e7-a945be90b7a2","testStepId":"40c72a36-c006-4ae9-9298-0bc3a7c55ee1","timestamp":{"seconds":1723023383,"nanos":877699500}}},{"testStepFinished":{"testCaseStartedId":"472fe682-0df5-44fe-a2e7-a945be90b7a2","testStepId":"40c72a36-c006-4ae9-9298-0bc3a7c55ee1","testStepResult":{"duration":{"seconds":0,"nanos":987000},"status":"SKIPPED"},"timestamp":{"seconds":1723023383,"nanos":878686500}}},{"testStepStarted":{"testCaseStartedId":"472fe682-0df5-44fe-a2e7-a945be90b7a2","testStepId":"443c29f3-e931-4c8b-943a-48833d26d43e","timestamp":{"seconds":1723023383,"nanos":879683000}}},{"testStepFinished":{"testCaseStartedId":"472fe682-0df5-44fe-a2e7-a945be90b7a2","testStepId":"443c29f3-e931-4c8b-943a-48833d26d43e","testStepResult":{"duration":{"seconds":0,"nanos":0},"status":"SKIPPED"},"timestamp":{"seconds":1723023383,"nanos":879683000}}},{"testStepStarted":{"testCaseStartedId":"472fe682-0df5-44fe-a2e7-a945be90b7a2","testStepId":"85d0aada-263a-487a-a445-9d02fe7ed527","timestamp":{"seconds":1723023383,"nanos":880680800}}},{"testStepFinished":{"testCaseStartedId":"472fe682-0df5-44fe-a2e7-a945be90b7a2","testStepId":"85d0aada-263a-487a-a445-9d02fe7ed527","testStepResult":{"duration":{"seconds":0,"nanos":998100},"status":"SKIPPED"},"timestamp":{"seconds":1723023383,"nanos":881678900}}},{"testStepStarted":{"testCaseStartedId":"472fe682-0df5-44fe-a2e7-a945be90b7a2","testStepId":"90e3a7ba-cbea-48ce-9493-69205c58fdc7","timestamp":{"seconds":1723023383,"nanos":883675500}}},{"testStepFinished":{"testCaseStartedId":"472fe682-0df5-44fe-a2e7-a945be90b7a2","testStepId":"90e3a7ba-cbea-48ce-9493-69205c58fdc7","testStepResult":{"duration":{"seconds":0,"nanos":0},"status":"SKIPPED"},"timestamp":{"seconds":1723023383,"nanos":883675500}}},{"testStepStarted":{"testCaseStartedId":"472fe682-0df5-44fe-a2e7-a945be90b7a2","testStepId":"668acfa6-12a0-40bd-ae03-ee80103f9ed8","timestamp":{"seconds":1723023383,"nanos":885669200}}},{"testStepFinished":{"testCaseStartedId":"472fe682-0df5-44fe-a2e7-a945be90b7a2","testStepId":"668acfa6-12a0-40bd-ae03-ee80103f9ed8","testStepResult":{"duration":{"seconds":0,"nanos":6982400},"message":"Error communicating with the remote browser. It may have died.\nBuild info: version: '4.22.0', revision: 'c5f3146703*'\nSystem info: os.name: 'Windows 10', os.arch: 'amd64', os.version: '10.0', java.version: '20.0.1'\nDriver info: org.openqa.selenium.chrome.ChromeDriver\nCommand: [69630af2b4e32360892146f6684655f4, screenshot []]\nCapabilities {acceptInsecureCerts: false, browserName: chrome, browserVersion: 127.0.6533.90, chrome: {chromedriverVersion: 127.0.6533.88 (a2d0cb026721..., userDataDir: C:\\Users\\Test\\AppData\\Local...}, fedcm:accounts: true, goog:chromeOptions: {debuggerAddress: localhost:50085}, networkConnectionEnabled: false, pageLoadStrategy: normal, platformName: windows, proxy: Proxy(), se:cdp: ws://localhost:50085/devtoo..., se:cdpVersion: 127.0.6533.90, setWindowRect: true, strictFileInteractability: false, timeouts: {implicit: 0, pageLoad: 300000, script: 30000}, unhandledPromptBehavior: dismiss and notify, webauthn:extension:credBlob: true, webauthn:extension:largeBlob: true, webauthn:extension:minPinLength: true, webauthn:extension:prf: true, webauthn:virtualAuthenticators: true}\nSession ID: 69630af2b4e32360892146f6684655f4","status":"FAILED","exception":{"type":"org.openqa.selenium.remote.UnreachableBrowserException","message":"Error communicating with the remote browser. It may have died.\nBuild info: version: '4.22.0', revision: 'c5f3146703*'\nSystem info: os.name: 'Windows 10', os.arch: 'amd64', os.version: '10.0', java.version: '20.0.1'\nDriver info: org.openqa.selenium.chrome.ChromeDriver\nCommand: [69630af2b4e32360892146f6684655f4, screenshot []]\nCapabilities {acceptInsecureCerts: false, browserName: chrome, browserVersion: 127.0.6533.90, chrome: {chromedriverVersion: 127.0.6533.88 (a2d0cb026721..., userDataDir: C:\\Users\\Test\\AppData\\Local...}, fedcm:accounts: true, goog:chromeOptions: {debuggerAddress: localhost:50085}, networkConnectionEnabled: false, pageLoadStrategy: normal, platformName: windows, proxy: Proxy(), se:cdp: ws://localhost:50085/devtoo..., se:cdpVersion: 127.0.6533.90, setWindowRect: true, strictFileInteractability: false, timeouts: {implicit: 0, pageLoad: 300000, script: 30000}, unhandledPromptBehavior: dismiss and notify, webauthn:extension:credBlob: true, webauthn:extension:largeBlob: true, webauthn:extension:minPinLength: true, webauthn:extension:prf: true, webauthn:virtualAuthenticators: true}\nSession ID: 69630af2b4e32360892146f6684655f4","stackTrace":"org.openqa.selenium.remote.UnreachableBrowserException: Error communicating with the remote browser. It may have died.\nBuild info: version: '4.22.0', revision: 'c5f3146703*'\nSystem info: os.name: 'Windows 10', os.arch: 'amd64', os.version: '10.0', java.version: '20.0.1'\nDriver info: org.openqa.selenium.chrome.ChromeDriver\nCommand: [69630af2b4e32360892146f6684655f4, screenshot []]\nCapabilities {acceptInsecureCerts: false, browserName: chrome, browserVersion: 127.0.6533.90, chrome: {chromedriverVersion: 127.0.6533.88 (a2d0cb026721..., userDataDir: C:\\Users\\Test\\AppData\\Local...}, fedcm:accounts: true, goog:chromeOptions: {debuggerAddress: localhost:50085}, networkConnectionEnabled: false, pageLoadStrategy: normal, platformName: windows, proxy: Proxy(), se:cdp: ws://localhost:50085/devtoo..., se:cdpVersion: 127.0.6533.90, setWindowRect: true, strictFileInteractability: false, timeouts: {implicit: 0, pageLoad: 300000, script: 30000}, unhandledPromptBehavior: dismiss and notify, webauthn:extension:credBlob: true, webauthn:extension:largeBlob: true, webauthn:extension:minPinLength: true, webauthn:extension:prf: true, webauthn:virtualAuthenticators: true}\nSession ID: 69630af2b4e32360892146f6684655f4\r\n\tat org.openqa.selenium.remote.RemoteWebDriver.execute(RemoteWebDriver.java:545)\r\n\tat org.openqa.selenium.remote.RemoteWebDriver.execute(RemoteWebDriver.java:591)\r\n\tat org.openqa.selenium.remote.RemoteWebDriver.execute(RemoteWebDriver.java:595)\r\n\tat org.openqa.selenium.remote.RemoteWebDriver.getScreenshotAs(RemoteWebDriver.java:321)\r\n\tat myHooks.Hooks.tearDown(Hooks.java:67)\r\nCaused by: java.io.UncheckedIOException: java.net.ConnectException\r\n\tat org.openqa.selenium.remote.http.jdk.JdkHttpClient.execute0(JdkHttpClient.java:439)\r\n\tat org.openqa.selenium.remote.http.AddSeleniumUserAgent.lambda$apply$0(AddSeleniumUserAgent.java:42)\r\n\tat org.openqa.selenium.remote.http.Filter.lambda$andFinally$1(Filter.java:55)\r\n\tat org.openqa.selenium.remote.http.jdk.JdkHttpClient.execute(JdkHttpClient.java:355)\r\n\tat org.openqa.selenium.remote.HttpCommandExecutor.execute(HttpCommandExecutor.java:187)\r\n\tat org.openqa.selenium.remote.service.DriverCommandExecutor.invokeExecute(DriverCommandExecutor.java:216)\r\n\tat org.openqa.selenium.remote.service.DriverCommandExecutor.execute(DriverCommandExecutor.java:174)\r\n\tat org.openqa.selenium.remote.RemoteWebDriver.execute(RemoteWebDriver.java:518)\r\n\tat org.openqa.selenium.remote.RemoteWebDriver.execute(RemoteWebDriver.java:591)\r\n\tat org.openqa.selenium.remote.RemoteWebDriver.execute(RemoteWebDriver.java:595)\r\n\tat org.openqa.selenium.remote.RemoteWebDriver.getScreenshotAs(RemoteWebDriver.java:321)\r\n\tat myHooks.Hooks.tearDown(Hooks.java:67)\r\n\tat java.base/jdk.internal.reflect.DirectMethodHandleAccessor.invoke(DirectMethodHandleAccessor.java:104)\r\n\tat java.base/java.lang.reflect.Method.invoke(Method.java:578)\r\n\tat io.cucumber.java.Invoker.doInvoke(Invoker.java:66)\r\n\tat io.cucumber.java.Invoker.invokeStatic(Invoker.java:80)\r\n\tat io.cucumber.java.AbstractGlueDefinition.invokeMethod(AbstractGlueDefinition.java:45)\r\n\tat io.cucumber.java.JavaHookDefinition.execute(JavaHookDefinition.java:64)\r\n\tat io.cucumber.core.runner.CoreHookDefinition.execute(CoreHookDefinition.java:46)\r\n\tat io.cucumber.core.runner.HookDefinitionMatch.runStep(HookDefinitionMatch.java:21)\r\n\tat io.cucumber.core.runner.ExecutionMode$1.execute(ExecutionMode.java:10)\r\n\tat io.cucumber.core.runner.TestStep.executeStep(TestStep.java:81)\r\n\tat io.cucumber.core.runner.TestStep.run(TestStep.java:53)\r\n\tat io.cucumber.core.runner.TestCase.run(TestCase.java:90)\r\n\tat io.cucumber.core.runner.Runner.runPickle(Runner.java:75)\r\n\tat io.cucumber.junit.PickleRunners$NoStepDescriptions.lambda$run$0(PickleRunners.java:151)\r\n\tat io.cucumber.core.runtime.CucumberExecutionContext.lambda$runTestCase$5(CucumberExecutionContext.java:136)\r\n\tat io.cucumber.core.runtime.RethrowingThrowableCollector.executeAndThrow(RethrowingThrowableCollector.java:23)\r\n\tat io.cucumber.core.runtime.CucumberExecutionContext.runTestCase(CucumberExecutionContext.java:136)\r\n\tat io.cucumber.junit.PickleRunners$NoStepDescriptions.run(PickleRunners.java:148)\r\n\tat io.cucumber.junit.FeatureRunner.runChild(FeatureRunner.java:144)\r\n\tat io.cucumber.junit.FeatureRunner.runChild(FeatureRunner.java:28)\r\n\tat org.junit.runners.ParentRunner$4.run(ParentRunner.java:331)\r\n\tat org.junit.runners.ParentRunner$1.schedule(ParentRunner.java:79)\r\n\tat org.junit.runners.ParentRunner.runChildren(ParentRunner.java:329)\r\n\tat org.junit.runners.ParentRunner.access$100(ParentRunner.java:66)\r\n\tat org.junit.runners.ParentRunner$2.evaluate(ParentRunner.java:293)\r\n\tat org.junit.runners.ParentRunner$3.evaluate(ParentRunner.java:306)\r\n\tat org.junit.runners.ParentRunner.run(ParentRunner.java:413)\r\n\tat io.cucumber.junit.FeatureRunner.run(FeatureRunner.java:137)\r\n\tat io.cucumber.junit.Cucumber.runChild(Cucumber.java:196)\r\n\tat io.cucumber.junit.Cucumber.runChild(Cucumber.java:89)\r\n\tat org.junit.runners.ParentRunner$4.run(ParentRunner.java:331)\r\n\tat org.junit.runners.ParentRunner$1.schedule(ParentRunner.java:79)\r\n\tat org.junit.runners.ParentRunner.runChildren(ParentRunner.java:329)\r\n\tat org.junit.runners.ParentRunner.access$100(ParentRunner.java:66)\r\n\tat org.junit.runners.ParentRunner$2.evaluate(ParentRunner.java:293)\r\n\tat io.cucumber.core.runtime.CucumberExecutionContext.lambda$runFeatures$6(CucumberExecutionContext.java:147)\r\n\tat io.cucumber.core.runtime.CucumberExecutionContext.execute(CucumberExecutionContext.java:162)\r\n\tat io.cucumber.core.runtime.CucumberExecutionContext.runFeatures(CucumberExecutionContext.java:145)\r\n\tat io.cucumber.junit.Cucumber$StartAndFinishTestRun.evaluate(Cucumber.java:226)\r\n\tat org.junit.runners.ParentRunner$3.evaluate(ParentRunner.java:306)\r\n\tat org.junit.runners.ParentRunner.run(ParentRunner.java:413)\r\n\tat org.apache.maven.surefire.junit4.JUnit4Provider.execute(JUnit4Provider.java:365)\r\n\tat org.apache.maven.surefire.junit4.JUnit4Provider.executeWithRerun(JUnit4Provider.java:273)\r\n\tat org.apache.maven.surefire.junit4.JUnit4Provider.executeTestSet(JUnit4Provider.java:238)\r\n\tat org.apache.maven.surefire.junit4.JUnit4Provider.invoke(JUnit4Provider.java:159)\r\n\tat org.apache.maven.surefire.booter.ForkedBooter.invokeProviderInSameClassLoader(ForkedBooter.java:384)\r\n\tat org.apache.maven.surefire.booter.ForkedBooter.runSuitesInProcess(ForkedBooter.java:345)\r\n\tat org.apache.maven.surefire.booter.ForkedBooter.execute(ForkedBooter.java:126)\r\n\tat org.apache.maven.surefire.booter.ForkedBooter.main(ForkedBooter.java:418)\r\nCaused by: java.net.ConnectException\r\n\tat java.net.http/jdk.internal.net.http.common.Utils.toConnectException(Utils.java:1053)\r\n\tat java.net.http/jdk.internal.net.http.PlainHttpConnection.connectAsync(PlainHttpConnection.java:224)\r\n\tat java.net.http/jdk.internal.net.http.PlainHttpConnection.checkRetryConnect(PlainHttpConnection.java:259)\r\n\tat java.net.http/jdk.internal.net.http.PlainHttpConnection.lambda$connectAsync$2(PlainHttpConnection.java:235)\r\n\tat java.base/java.util.concurrent.CompletableFuture.uniHandle(CompletableFuture.java:934)\r\n\tat java.base/java.util.concurrent.CompletableFuture$UniHandle.tryFire(CompletableFuture.java:911)\r\n\tat java.base/java.util.concurrent.CompletableFuture.postComplete(CompletableFuture.java:510)\r\n\tat java.base/java.util.concurrent.CompletableFuture$AsyncSupply.run(CompletableFuture.java:1773)\r\n\tat java.base/java.util.concurrent.ThreadPoolExecutor.runWorker(ThreadPoolExecutor.java:1144)\r\n\tat java.base/java.util.concurrent.ThreadPoolExecutor$Worker.run(ThreadPoolExecutor.java:642)\r\n\tat java.base/java.lang.Thread.run(Thread.java:1623)\r\nCaused by: java.nio.channels.ClosedChannelException\r\n\tat java.base/sun.nio.ch.SocketChannelImpl.ensureOpen(SocketChannelImpl.java:202)\r\n\tat java.base/sun.nio.ch.SocketChannelImpl.beginConnect(SocketChannelImpl.java:786)\r\n\tat java.base/sun.nio.ch.SocketChannelImpl.connect(SocketChannelImpl.java:874)\r\n\tat java.net.http/jdk.internal.net.http.PlainHttpConnection.lambda$connectAsync$1(PlainHttpConnection.java:208)\r\n\tat java.base/java.security.AccessController.doPrivileged(AccessController.java:571)\r\n\tat java.net.http/jdk.internal.net.http.PlainHttpConnection.connectAsync(PlainHttpConnection.java:210)\r\n\t... 9 more\r\n"}},"timestamp":{"seconds":1723023383,"nanos":892651600}}},{"testCaseFinished":{"testCaseStartedId":"472fe682-0df5-44fe-a2e7-a945be90b7a2","timestamp":{"seconds":1723023383,"nanos":898633400},"willBeRetried":false}},{"testCase":{"id":"62be32fe-cac1-45ee-bd63-878f9c39a768","pickleId":"00f0359d-bece-4713-ba27-095994061b3d","testSteps":[{"hookId":"866d4bf4-0cf6-41d6-b9de-52561667ae8e","id":"4ab5a57b-c332-4344-96a0-2af75cd146b3"},{"id":"5e5efdfb-79a2-4eb0-ae80-6fe154dba1b0","pickleStepId":"f601bf9b-9018-4582-9694-58c759dd35f7","stepDefinitionIds":["d375855f-745a-4363-b4bc-f7fa085ede0d"],"stepMatchArgumentsLists":[{"stepMatchArguments":[]}]},{"id":"003279ec-0887-454e-83da-809a99ec32c3","pickleStepId":"1a1492ef-5d8b-4c95-bd11-4526322947ea","stepDefinitionIds":["c04dcf00-4230-4e8c-aa24-ffb24e9bbf7b"],"stepMatchArgumentsLists":[{"stepMatchArguments":[]}]},{"id":"49fe313f-d2da-466b-bee6-2caf230d5188","pickleStepId":"bbb0c8f5-3143-4427-a8a1-4d5f4e987e3d","stepDefinitionIds":["9fc6c107-b857-4f8b-911e-ae1a115b8841"],"stepMatchArgumentsLists":[{"stepMatchArguments":[{"group":{"children":[{"children":[{"children":[],"start":-1}],"start":33,"value":"12345123456789"},{"children":[{"children":[],"start":-1}],"start":-1}],"start":32,"value":"\"12345123456789\""},"parameterTypeName":"string"}]}]},{"id":"84674538-7470-4a10-965c-992736e6c146","pickleStepId":"c387c39a-5f51-430e-9c65-439b2d5038e1","stepDefinitionIds":["68f8452d-5a44-441f-9c84-e1da6f66f10c"],"stepMatchArgumentsLists":[{"stepMatchArguments":[]}]},{"id":"c5c3dccd-c6f2-4a47-b9fa-788095f44daa","pickleStepId":"67dda21c-f7fa-4706-9f0f-3ad08e6f7451","stepDefinitionIds":["35165f2a-90dc-4193-a941-eca063cecea5"],"stepMatchArgumentsLists":[{"stepMatchArguments":[]}]},{"hookId":"b983f373-aff1-41c1-921c-34e6410fc8c9","id":"7ba37794-39a6-4dcf-8c91-fb7f5533ca88"}]}},{"testCaseStarted":{"attempt":0,"id":"ca9f0c52-9806-4e79-99e6-ad161d20866a","testCaseId":"62be32fe-cac1-45ee-bd63-878f9c39a768","workerId":"main","timestamp":{"seconds":1723023383,"nanos":919577400}}},{"testStepStarted":{"testCaseStartedId":"ca9f0c52-9806-4e79-99e6-ad161d20866a","testStepId":"4ab5a57b-c332-4344-96a0-2af75cd146b3","timestamp":{"seconds":1723023383,"nanos":922570600}}},{"testStepFinished":{"testCaseStartedId":"ca9f0c52-9806-4e79-99e6-ad161d20866a","testStepId":"4ab5a57b-c332-4344-96a0-2af75cd146b3","testStepResult":{"duration":{"seconds":4,"nanos":342166700},"status":"PASSED"},"timestamp":{"seconds":1723023388,"nanos":264737300}}},{"testStepStarted":{"testCaseStartedId":"ca9f0c52-9806-4e79-99e6-ad161d20866a","testStepId":"5e5efdfb-79a2-4eb0-ae80-6fe154dba1b0","timestamp":{"seconds":1723023388,"nanos":265739600}}},{"testStepFinished":{"testCaseStartedId":"ca9f0c52-9806-4e79-99e6-ad161d20866a","testStepId":"5e5efdfb-79a2-4eb0-ae80-6fe154dba1b0","testStepResult":{"duration":{"seconds":0,"nanos":548645400},"status":"PASSED"},"timestamp":{"seconds":1723023388,"nanos":814385000}}},{"testStepStarted":{"testCaseStartedId":"ca9f0c52-9806-4e79-99e6-ad161d20866a","testStepId":"003279ec-0887-454e-83da-809a99ec32c3","timestamp":{"seconds":1723023388,"nanos":815382800}}},{"testStepFinished":{"testCaseStartedId":"ca9f0c52-9806-4e79-99e6-ad161d20866a","testStepId":"003279ec-0887-454e-83da-809a99ec32c3","testStepResult":{"duration":{"seconds":1,"nanos":79429300},"status":"PASSED"},"timestamp":{"seconds":1723023389,"nanos":894812100}}},{"testStepStarted":{"testCaseStartedId":"ca9f0c52-9806-4e79-99e6-ad161d20866a","testStepId":"49fe313f-d2da-466b-bee6-2caf230d5188","timestamp":{"seconds":1723023389,"nanos":897803900}}},{"testStepFinished":{"testCaseStartedId":"ca9f0c52-9806-4e79-99e6-ad161d20866a","testStepId":"49fe313f-d2da-466b-bee6-2caf230d5188","testStepResult":{"duration":{"seconds":0,"nanos":251745000},"status":"PASSED"},"timestamp":{"seconds":1723023390,"nanos":149548900}}},{"testStepStarted":{"testCaseStartedId":"ca9f0c52-9806-4e79-99e6-ad161d20866a","testStepId":"84674538-7470-4a10-965c-992736e6c146","timestamp":{"seconds":1723023390,"nanos":152542100}}},{"testStepFinished":{"testCaseStartedId":"ca9f0c52-9806-4e79-99e6-ad161d20866a","testStepId":"84674538-7470-4a10-965c-992736e6c146","testStepResult":{"duration":{"seconds":0,"nanos":622551500},"status":"PASSED"},"timestamp":{"seconds":1723023390,"nanos":775093600}}},{"testStepStarted":{"testCaseStartedId":"ca9f0c52-9806-4e79-99e6-ad161d20866a","testStepId":"c5c3dccd-c6f2-4a47-b9fa-788095f44daa","timestamp":{"seconds":1723023390,"nanos":777089800}}},{"testStepFinished":{"testCaseStartedId":"ca9f0c52-9806-4e79-99e6-ad161d20866a","testStepId":"c5c3dccd-c6f2-4a47-b9fa-788095f44daa","testStepResult":{"duration":{"seconds":0,"nanos":95942100},"status":"PASSED"},"timestamp":{"seconds":1723023390,"nanos":873031900}}},{"testStepStarted":{"testCaseStartedId":"ca9f0c52-9806-4e79-99e6-ad161d20866a","testStepId":"7ba37794-39a6-4dcf-8c91-fb7f5533ca88","timestamp":{"seconds":1723023390,"nanos":874028200}}},{"testStepFinished":{"testCaseStartedId":"ca9f0c52-9806-4e79-99e6-ad161d20866a","testStepId":"7ba37794-39a6-4dcf-8c91-fb7f5533ca88","testStepResult":{"duration":{"seconds":0,"nanos":284716200},"status":"PASSED"},"timestamp":{"seconds":1723023391,"nanos":158744400}}},{"testCaseFinished":{"testCaseStartedId":"ca9f0c52-9806-4e79-99e6-ad161d20866a","timestamp":{"seconds":1723023391,"nanos":160738500},"willBeRetried":false}},{"testCase":{"id":"e84af68c-9684-4daa-b34d-3631d8a2d843","pickleId":"a62cb56e-3f6c-48e4-8a50-acc3374f7ae1","testSteps":[{"hookId":"866d4bf4-0cf6-41d6-b9de-52561667ae8e","id":"e5b7c7aa-8dcd-4f8e-b7bc-2b4b502e2373"},{"id":"6c932bab-64f5-466f-8e3c-e2d2ba422397","pickleStepId":"ba55b06a-36bc-40de-be5b-5a31b995e04f","stepDefinitionIds":["1ed0e320-660f-40dc-bee1-87ff8c5dce38"],"stepMatchArgumentsLists":[{"stepMatchArguments":[]}]},{"id":"eade7c60-d5a4-44f1-9f3e-97319eea3c29","pickleStepId":"68507013-b4eb-47ac-9e37-4944fc61fe99","stepDefinitionIds":["6e4e3bd8-b718-4818-b3bb-0a9dbc4f8fb4"],"stepMatchArgumentsLists":[{"stepMatchArguments":[{"group":{"children":[],"start":32,"value":"\"snehal.chougule04@gmail.com\""},"parameterTypeName":"anonymous"}]}]},{"id":"374bc9c2-810e-4820-b8a5-84538f46a7fe","pickleStepId":"7f78bf62-0afb-43f3-98db-7abcd3df7575","stepDefinitionIds":["36583752-5f67-4457-8cfe-82766bcacb11"],"stepMatchArgumentsLists":[{"stepMatchArguments":[{"group":{"children":[{"children":[{"children":[],"start":-1}],"start":33,"value":"123456789"},{"children":[{"children":[],"start":-1}],"start":-1}],"start":32,"value":"\"123456789\""},"parameterTypeName":"string"}]}]},{"id":"226f8cf6-545a-4895-829e-f8112f8d36b2","pickleStepId":"d94962fd-a49d-4e9c-9c05-2daeff223342","stepDefinitionIds":["d74ef2ff-6c3a-45ff-b68a-f96c2bea2daf"],"stepMatchArgumentsLists":[{"stepMatchArguments":[]}]},{"id":"8df1307a-d4ec-4f1e-9d42-4aa3a6fe5d93","pickleStepId":"57f97f8a-bc9a-4cf3-a751-c8773f5e1c19","stepDefinitionIds":["2e5bb38f-cba6-4294-850d-6d528e73f498"],"stepMatchArgumentsLists":[{"stepMatchArguments":[]}]},{"hookId":"b983f373-aff1-41c1-921c-34e6410fc8c9","id":"5aab3669-5e78-4ec2-a7fd-467a2efc173b"}]}},{"testCaseStarted":{"attempt":0,"id":"de066ad8-ead9-417f-81fa-008708ffe10f","testCaseId":"e84af68c-9684-4daa-b34d-3631d8a2d843","workerId":"main","timestamp":{"seconds":1723023391,"nanos":191657700}}},{"testStepStarted":{"testCaseStartedId":"de066ad8-ead9-417f-81fa-008708ffe10f","testStepId":"e5b7c7aa-8dcd-4f8e-b7bc-2b4b502e2373","timestamp":{"seconds":1723023391,"nanos":192657200}}},{"testStepFinished":{"testCaseStartedId":"de066ad8-ead9-417f-81fa-008708ffe10f","testStepId":"e5b7c7aa-8dcd-4f8e-b7bc-2b4b502e2373","testStepResult":{"duration":{"seconds":2,"nanos":652543700},"message":"disconnected: Unable to receive message from renderer\n  (failed to check if window was closed: disconnected: not connected to DevTools)\n  (Session info: chrome=127.0.6533.90)\nBuild info: version: '4.22.0', revision: 'c5f3146703*'\nSystem info: os.name: 'Windows 10', os.arch: 'amd64', os.version: '10.0', java.version: '20.0.1'\nDriver info: org.openqa.selenium.chrome.ChromeDriver\nCommand: [f075b7fa68f4e9a6009319721ecf8641, maximizeCurrentWindow {}]\nCapabilities {acceptInsecureCerts: false, browserName: chrome, browserVersion: 127.0.6533.90, chrome: {chromedriverVersion: 127.0.6533.88 (a2d0cb026721..., userDataDir: C:\\Users\\Test\\AppData\\Local...}, fedcm:accounts: true, goog:chromeOptions: {debuggerAddress: localhost:50125}, networkConnectionEnabled: false, pageLoadStrategy: normal, platformName: windows, proxy: Proxy(), se:cdp: ws://localhost:50125/devtoo..., se:cdpVersion: 127.0.6533.90, setWindowRect: true, strictFileInteractability: false, timeouts: {implicit: 0, pageLoad: 300000, script: 30000}, unhandledPromptBehavior: dismiss and notify, webauthn:extension:credBlob: true, webauthn:extension:largeBlob: true, webauthn:extension:minPinLength: true, webauthn:extension:prf: true, webauthn:virtualAuthenticators: true}\nSession ID: f075b7fa68f4e9a6009319721ecf8641","status":"FAILED","exception":{"type":"org.openqa.selenium.WebDriverException","message":"disconnected: Unable to receive message from renderer\n  (failed to check if window was closed: disconnected: not connected to DevTools)\n  (Session info: chrome=127.0.6533.90)\nBuild info: version: '4.22.0', revision: 'c5f3146703*'\nSystem info: os.name: 'Windows 10', os.arch: 'amd64', os.version: '10.0', java.version: '20.0.1'\nDriver info: org.openqa.selenium.chrome.ChromeDriver\nCommand: [f075b7fa68f4e9a6009319721ecf8641, maximizeCurrentWindow {}]\nCapabilities {acceptInsecureCerts: false, browserName: chrome, browserVersion: 127.0.6533.90, chrome: {chromedriverVersion: 127.0.6533.88 (a2d0cb026721..., userDataDir: C:\\Users\\Test\\AppData\\Local...}, fedcm:accounts: true, goog:chromeOptions: {debuggerAddress: localhost:50125}, networkConnectionEnabled: false, pageLoadStrategy: normal, platformName: windows, proxy: Proxy(), se:cdp: ws://localhost:50125/devtoo..., se:cdpVersion: 127.0.6533.90, setWindowRect: true, strictFileInteractability: false, timeouts: {implicit: 0, pageLoad: 300000, script: 30000}, unhandledPromptBehavior: dismiss and notify, webauthn:extension:credBlob: true, webauthn:extension:largeBlob: true, webauthn:extension:minPinLength: true, webauthn:extension:prf: true, webauthn:virtualAuthenticators: true}\nSession ID: f075b7fa68f4e9a6009319721ecf8641","stackTrace":"org.openqa.selenium.WebDriverException: disconnected: Unable to receive message from renderer\n  (failed to check if window was closed: disconnected: not connected to DevTools)\n  (Session info: chrome=127.0.6533.90)\nBuild info: version: '4.22.0', revision: 'c5f3146703*'\nSystem info: os.name: 'Windows 10', os.arch: 'amd64', os.version: '10.0', java.version: '20.0.1'\nDriver info: org.openqa.selenium.chrome.ChromeDriver\nCommand: [f075b7fa68f4e9a6009319721ecf8641, maximizeCurrentWindow {}]\nCapabilities {acceptInsecureCerts: false, browserName: chrome, browserVersion: 127.0.6533.90, chrome: {chromedriverVersion: 127.0.6533.88 (a2d0cb026721..., userDataDir: C:\\Users\\Test\\AppData\\Local...}, fedcm:accounts: true, goog:chromeOptions: {debuggerAddress: localhost:50125}, networkConnectionEnabled: false, pageLoadStrategy: normal, platformName: windows, proxy: Proxy(), se:cdp: ws://localhost:50125/devtoo..., se:cdpVersion: 127.0.6533.90, setWindowRect: true, strictFileInteractability: false, timeouts: {implicit: 0, pageLoad: 300000, script: 30000}, unhandledPromptBehavior: dismiss and notify, webauthn:extension:credBlob: true, webauthn:extension:largeBlob: true, webauthn:extension:minPinLength: true, webauthn:extension:prf: true, webauthn:virtualAuthenticators: true}\nSession ID: f075b7fa68f4e9a6009319721ecf8641\r\n\tat java.base/jdk.internal.reflect.DirectConstructorHandleAccessor.newInstance(DirectConstructorHandleAccessor.java:67)\r\n\tat java.base/java.lang.reflect.Constructor.newInstanceWithCaller(Constructor.java:500)\r\n\tat java.base/java.lang.reflect.Constructor.newInstance(Constructor.java:484)\r\n\tat org.openqa.selenium.remote.ErrorCodec.decode(ErrorCodec.java:167)\r\n\tat org.openqa.selenium.remote.codec.w3c.W3CHttpResponseCodec.decode(W3CHttpResponseCodec.java:138)\r\n\tat org.openqa.selenium.remote.codec.w3c.W3CHttpResponseCodec.decode(W3CHttpResponseCodec.java:50)\r\n\tat org.openqa.selenium.remote.HttpCommandExecutor.execute(HttpCommandExecutor.java:190)\r\n\tat org.openqa.selenium.remote.service.DriverCommandExecutor.invokeExecute(DriverCommandExecutor.java:216)\r\n\tat org.openqa.selenium.remote.service.DriverCommandExecutor.execute(DriverCommandExecutor.java:174)\r\n\tat org.openqa.selenium.remote.RemoteWebDriver.execute(RemoteWebDriver.java:518)\r\n\tat org.openqa.selenium.remote.RemoteWebDriver.execute(RemoteWebDriver.java:591)\r\n\tat org.openqa.selenium.remote.RemoteWebDriver.execute(RemoteWebDriver.java:595)\r\n\tat org.openqa.selenium.remote.RemoteWebDriver$RemoteWebDriverOptions$RemoteWindow.maximize(RemoteWebDriver.java:1034)\r\n\tat myHooks.Hooks.setup(Hooks.java:38)\r\n"}},"timestamp":{"seconds":1723023393,"nanos":845200900}}},{"testStepStarted":{"testCaseStartedId":"de066ad8-ead9-417f-81fa-008708ffe10f","testStepId":"6c932bab-64f5-466f-8e3c-e2d2ba422397","timestamp":{"seconds":1723023393,"nanos":891257600}}},{"testStepFinished":{"testCaseStartedId":"de066ad8-ead9-417f-81fa-008708ffe10f","testStepId":"6c932bab-64f5-466f-8e3c-e2d2ba422397","testStepResult":{"duration":{"seconds":0,"nanos":0},"status":"SKIPPED"},"timestamp":{"seconds":1723023393,"nanos":891257600}}},{"testStepStarted":{"testCaseStartedId":"de066ad8-ead9-417f-81fa-008708ffe10f","testStepId":"eade7c60-d5a4-44f1-9f3e-97319eea3c29","timestamp":{"seconds":1723023393,"nanos":894250000}}},{"testStepFinished":{"testCaseStartedId":"de066ad8-ead9-417f-81fa-008708ffe10f","testStepId":"eade7c60-d5a4-44f1-9f3e-97319eea3c29","testStepResult":{"duration":{"seconds":0,"nanos":0},"status":"SKIPPED"},"timestamp":{"seconds":1723023393,"nanos":894250000}}},{"testStepStarted":{"testCaseStartedId":"de066ad8-ead9-417f-81fa-008708ffe10f","testStepId":"374bc9c2-810e-4820-b8a5-84538f46a7fe","timestamp":{"seconds":1723023393,"nanos":896246200}}},{"testStepFinished":{"testCaseStartedId":"de066ad8-ead9-417f-81fa-008708ffe10f","testStepId":"374bc9c2-810e-4820-b8a5-84538f46a7fe","testStepResult":{"duration":{"seconds":0,"nanos":0},"status":"SKIPPED"},"timestamp":{"seconds":1723023393,"nanos":896246200}}},{"testStepStarted":{"testCaseStartedId":"de066ad8-ead9-417f-81fa-008708ffe10f","testStepId":"226f8cf6-545a-4895-829e-f8112f8d36b2","timestamp":{"seconds":1723023393,"nanos":897247300}}},{"testStepFinished":{"testCaseStartedId":"de066ad8-ead9-417f-81fa-008708ffe10f","testStepId":"226f8cf6-545a-4895-829e-f8112f8d36b2","testStepResult":{"duration":{"seconds":0,"nanos":993400},"status":"SKIPPED"},"timestamp":{"seconds":1723023393,"nanos":898240700}}},{"testStepStarted":{"testCaseStartedId":"de066ad8-ead9-417f-81fa-008708ffe10f","testStepId":"8df1307a-d4ec-4f1e-9d42-4aa3a6fe5d93","timestamp":{"seconds":1723023393,"nanos":900232900}}},{"testStepFinished":{"testCaseStartedId":"de066ad8-ead9-417f-81fa-008708ffe10f","testStepId":"8df1307a-d4ec-4f1e-9d42-4aa3a6fe5d93","testStepResult":{"duration":{"seconds":0,"nanos":0},"status":"SKIPPED"},"timestamp":{"seconds":1723023393,"nanos":900232900}}},{"testStepStarted":{"testCaseStartedId":"de066ad8-ead9-417f-81fa-008708ffe10f","testStepId":"5aab3669-5e78-4ec2-a7fd-467a2efc173b","timestamp":{"seconds":1723023393,"nanos":906217700}}},{"testStepFinished":{"testCaseStartedId":"de066ad8-ead9-417f-81fa-008708ffe10f","testStepId":"5aab3669-5e78-4ec2-a7fd-467a2efc173b","testStepResult":{"duration":{"seconds":0,"nanos":8977900},"message":"no such window: target window already closed\nfrom unknown error: web view not found\n  (Session info: chrome=127.0.6533.90)\nBuild info: version: '4.22.0', revision: 'c5f3146703*'\nSystem info: os.name: 'Windows 10', os.arch: 'amd64', os.version: '10.0', java.version: '20.0.1'\nDriver info: org.openqa.selenium.chrome.ChromeDriver\nCommand: [f075b7fa68f4e9a6009319721ecf8641, screenshot {}]\nCapabilities {acceptInsecureCerts: false, browserName: chrome, browserVersion: 127.0.6533.90, chrome: {chromedriverVersion: 127.0.6533.88 (a2d0cb026721..., userDataDir: C:\\Users\\Test\\AppData\\Local...}, fedcm:accounts: true, goog:chromeOptions: {debuggerAddress: localhost:50125}, networkConnectionEnabled: false, pageLoadStrategy: normal, platformName: windows, proxy: Proxy(), se:cdp: ws://localhost:50125/devtoo..., se:cdpVersion: 127.0.6533.90, setWindowRect: true, strictFileInteractability: false, timeouts: {implicit: 0, pageLoad: 300000, script: 30000}, unhandledPromptBehavior: dismiss and notify, webauthn:extension:credBlob: true, webauthn:extension:largeBlob: true, webauthn:extension:minPinLength: true, webauthn:extension:prf: true, webauthn:virtualAuthenticators: true}\nSession ID: f075b7fa68f4e9a6009319721ecf8641","status":"FAILED","exception":{"type":"org.openqa.selenium.NoSuchWindowException","message":"no such window: target window already closed\nfrom unknown error: web view not found\n  (Session info: chrome=127.0.6533.90)\nBuild info: version: '4.22.0', revision: 'c5f3146703*'\nSystem info: os.name: 'Windows 10', os.arch: 'amd64', os.version: '10.0', java.version: '20.0.1'\nDriver info: org.openqa.selenium.chrome.ChromeDriver\nCommand: [f075b7fa68f4e9a6009319721ecf8641, screenshot {}]\nCapabilities {acceptInsecureCerts: false, browserName: chrome, browserVersion: 127.0.6533.90, chrome: {chromedriverVersion: 127.0.6533.88 (a2d0cb026721..., userDataDir: C:\\Users\\Test\\AppData\\Local...}, fedcm:accounts: true, goog:chromeOptions: {debuggerAddress: localhost:50125}, networkConnectionEnabled: false, pageLoadStrategy: normal, platformName: windows, proxy: Proxy(), se:cdp: ws://localhost:50125/devtoo..., se:cdpVersion: 127.0.6533.90, setWindowRect: true, strictFileInteractability: false, timeouts: {implicit: 0, pageLoad: 300000, script: 30000}, unhandledPromptBehavior: dismiss and notify, webauthn:extension:credBlob: true, webauthn:extension:largeBlob: true, webauthn:extension:minPinLength: true, webauthn:extension:prf: true, webauthn:virtualAuthenticators: true}\nSession ID: f075b7fa68f4e9a6009319721ecf8641","stackTrace":"org.openqa.selenium.NoSuchWindowException: no such window: target window already closed\nfrom unknown error: web view not found\n  (Session info: chrome=127.0.6533.90)\nBuild info: version: '4.22.0', revision: 'c5f3146703*'\nSystem info: os.name: 'Windows 10', os.arch: 'amd64', os.version: '10.0', java.version: '20.0.1'\nDriver info: org.openqa.selenium.chrome.ChromeDriver\nCommand: [f075b7fa68f4e9a6009319721ecf8641, screenshot {}]\nCapabilities {acceptInsecureCerts: false, browserName: chrome, browserVersion: 127.0.6533.90, chrome: {chromedriverVersion: 127.0.6533.88 (a2d0cb026721..., userDataDir: C:\\Users\\Test\\AppData\\Local...}, fedcm:accounts: true, goog:chromeOptions: {debuggerAddress: localhost:50125}, networkConnectionEnabled: false, pageLoadStrategy: normal, platformName: windows, proxy: Proxy(), se:cdp: ws://localhost:50125/devtoo..., se:cdpVersion: 127.0.6533.90, setWindowRect: true, strictFileInteractability: false, timeouts: {implicit: 0, pageLoad: 300000, script: 30000}, unhandledPromptBehavior: dismiss and notify, webauthn:extension:credBlob: true, webauthn:extension:largeBlob: true, webauthn:extension:minPinLength: true, webauthn:extension:prf: true, webauthn:virtualAuthenticators: true}\nSession ID: f075b7fa68f4e9a6009319721ecf8641\r\n\tat java.base/jdk.internal.reflect.DirectConstructorHandleAccessor.newInstance(DirectConstructorHandleAccessor.java:67)\r\n\tat java.base/java.lang.reflect.Constructor.newInstanceWithCaller(Constructor.java:500)\r\n\tat java.base/java.lang.reflect.Constructor.newInstance(Constructor.java:484)\r\n\tat org.openqa.selenium.remote.ErrorCodec.decode(ErrorCodec.java:167)\r\n\tat org.openqa.selenium.remote.codec.w3c.W3CHttpResponseCodec.decode(W3CHttpResponseCodec.java:138)\r\n\tat org.openqa.selenium.remote.codec.w3c.W3CHttpResponseCodec.decode(W3CHttpResponseCodec.java:50)\r\n\tat org.openqa.selenium.remote.HttpCommandExecutor.execute(HttpCommandExecutor.java:190)\r\n\tat org.openqa.selenium.remote.service.DriverCommandExecutor.invokeExecute(DriverCommandExecutor.java:216)\r\n\tat org.openqa.selenium.remote.service.DriverCommandExecutor.execute(DriverCommandExecutor.java:174)\r\n\tat org.openqa.selenium.remote.RemoteWebDriver.execute(RemoteWebDriver.java:518)\r\n\tat org.openqa.selenium.remote.RemoteWebDriver.execute(RemoteWebDriver.java:591)\r\n\tat org.openqa.selenium.remote.RemoteWebDriver.execute(RemoteWebDriver.java:595)\r\n\tat org.openqa.selenium.remote.RemoteWebDriver.getScreenshotAs(RemoteWebDriver.java:321)\r\n\tat myHooks.Hooks.tearDown(Hooks.java:67)\r\n"}},"timestamp":{"seconds":1723023393,"nanos":915195600}}},{"testCaseFinished":{"testCaseStartedId":"de066ad8-ead9-417f-81fa-008708ffe10f","timestamp":{"seconds":1723023393,"nanos":922174100},"willBeRetried":false}},{"testCase":{"id":"1a644820-56bc-4778-a1be-4e9e3a35a773","pickleId":"a36912f0-ad0a-4979-92e3-e9ff3f69273d","testSteps":[{"hookId":"866d4bf4-0cf6-41d6-b9de-52561667ae8e","id":"674f8156-ed75-499f-8729-38344febcaa2"},{"id":"81f64e6e-416d-4b81-a216-0cd24bacc18a","pickleStepId":"f3567cd1-f574-4a74-9690-8a1a53a8a287","stepDefinitionIds":["c4e10815-053d-4858-acce-1dfc93f5338f"],"stepMatchArgumentsLists":[{"stepMatchArguments":[]}]},{"id":"02817510-5f38-4104-89dc-c4ede66dbccc","pickleStepId":"7bda47eb-ceea-494b-8557-9c32b6cc4b85","stepDefinitionIds":["3492d0e6-3644-4c27-a41b-27ff7ec12997"],"stepMatchArgumentsLists":[{"stepMatchArguments":[]}]},{"id":"c3a9c0cc-48d4-43bb-b2c3-c214b9dda1aa","pickleStepId":"cff34eb7-e21b-4e17-bffc-09df616f8d23","stepDefinitionIds":["ea6d988e-8b52-478e-a3c8-46f20a3ec1ca"],"stepMatchArgumentsLists":[{"stepMatchArguments":[{"group":{"children":[],"start":30,"value":"\"12345\""},"parameterTypeName":"anonymous"}]}]},{"id":"fd453024-3d67-49c3-8228-fdeef4cd369e","pickleStepId":"211f5dcc-1d83-450c-bdd3-5fc213c47302","stepDefinitionIds":["9432de67-ce70-4f42-9fff-5d81d42da553"],"stepMatchArgumentsLists":[{"stepMatchArguments":[]}]},{"id":"40364d13-b186-416d-a373-5b5caaf23173","pickleStepId":"1e8a4bdb-a9ce-464d-9eee-4dd89f1be120","stepDefinitionIds":["5d4af758-bc3a-4dad-b671-01667e78c8a4"],"stepMatchArgumentsLists":[{"stepMatchArguments":[]}]},{"hookId":"b983f373-aff1-41c1-921c-34e6410fc8c9","id":"441de577-848a-47fc-afdb-4b51162cca33"}]}},{"testCaseStarted":{"attempt":0,"id":"84a25193-8a31-447a-ad02-b60b974b4b14","testCaseId":"1a644820-56bc-4778-a1be-4e9e3a35a773","workerId":"main","timestamp":{"seconds":1723023393,"nanos":955086600}}},{"testStepStarted":{"testCaseStartedId":"84a25193-8a31-447a-ad02-b60b974b4b14","testStepId":"674f8156-ed75-499f-8729-38344febcaa2","timestamp":{"seconds":1723023393,"nanos":957080700}}},{"testStepFinished":{"testCaseStartedId":"84a25193-8a31-447a-ad02-b60b974b4b14","testStepId":"674f8156-ed75-499f-8729-38344febcaa2","testStepResult":{"duration":{"seconds":5,"nanos":130093500},"message":"Error communicating with the remote browser. It may have died.\nBuild info: version: '4.22.0', revision: 'c5f3146703*'\nSystem info: os.name: 'Windows 10', os.arch: 'amd64', os.version: '10.0', java.version: '20.0.1'\nDriver info: org.openqa.selenium.chrome.ChromeDriver\nCommand: [22ef42211472e56980eac170c1f826f3, deleteAllCookies []]\nCapabilities {acceptInsecureCerts: false, browserName: chrome, browserVersion: 127.0.6533.90, chrome: {chromedriverVersion: 127.0.6533.88 (a2d0cb026721..., userDataDir: C:\\Users\\Test\\AppData\\Local...}, fedcm:accounts: true, goog:chromeOptions: {debuggerAddress: localhost:50139}, networkConnectionEnabled: false, pageLoadStrategy: normal, platformName: windows, proxy: Proxy(), se:cdp: ws://localhost:50139/devtoo..., se:cdpVersion: 127.0.6533.90, setWindowRect: true, strictFileInteractability: false, timeouts: {implicit: 0, pageLoad: 300000, script: 30000}, unhandledPromptBehavior: dismiss and notify, webauthn:extension:credBlob: true, webauthn:extension:largeBlob: true, webauthn:extension:minPinLength: true, webauthn:extension:prf: true, webauthn:virtualAuthenticators: true}\nSession ID: 22ef42211472e56980eac170c1f826f3","status":"FAILED","exception":{"type":"org.openqa.selenium.remote.UnreachableBrowserException","message":"Error communicating with the remote browser. It may have died.\nBuild info: version: '4.22.0', revision: 'c5f3146703*'\nSystem info: os.name: 'Windows 10', os.arch: 'amd64', os.version: '10.0', java.version: '20.0.1'\nDriver info: org.openqa.selenium.chrome.ChromeDriver\nCommand: [22ef42211472e56980eac170c1f826f3, deleteAllCookies []]\nCapabilities {acceptInsecureCerts: false, browserName: chrome, browserVersion: 127.0.6533.90, chrome: {chromedriverVersion: 127.0.6533.88 (a2d0cb026721..., userDataDir: C:\\Users\\Test\\AppData\\Local...}, fedcm:accounts: true, goog:chromeOptions: {debuggerAddress: localhost:50139}, networkConnectionEnabled: false, pageLoadStrategy: normal, platformName: windows, proxy: Proxy(), se:cdp: ws://localhost:50139/devtoo..., se:cdpVersion: 127.0.6533.90, setWindowRect: true, strictFileInteractability: false, timeouts: {implicit: 0, pageLoad: 300000, script: 30000}, unhandledPromptBehavior: dismiss and notify, webauthn:extension:credBlob: true, webauthn:extension:largeBlob: true, webauthn:extension:minPinLength: true, webauthn:extension:prf: true, webauthn:virtualAuthenticators: true}\nSession ID: 22ef42211472e56980eac170c1f826f3","stackTrace":"org.openqa.selenium.remote.UnreachableBrowserException: Error communicating with the remote browser. It may have died.\nBuild info: version: '4.22.0', revision: 'c5f3146703*'\nSystem info: os.name: 'Windows 10', os.arch: 'amd64', os.version: '10.0', java.version: '20.0.1'\nDriver info: org.openqa.selenium.chrome.ChromeDriver\nCommand: [22ef42211472e56980eac170c1f826f3, deleteAllCookies []]\nCapabilities {acceptInsecureCerts: false, browserName: chrome, browserVersion: 127.0.6533.90, chrome: {chromedriverVersion: 127.0.6533.88 (a2d0cb026721..., userDataDir: C:\\Users\\Test\\AppData\\Local...}, fedcm:accounts: true, goog:chromeOptions: {debuggerAddress: localhost:50139}, networkConnectionEnabled: false, pageLoadStrategy: normal, platformName: windows, proxy: Proxy(), se:cdp: ws://localhost:50139/devtoo..., se:cdpVersion: 127.0.6533.90, setWindowRect: true, strictFileInteractability: false, timeouts: {implicit: 0, pageLoad: 300000, script: 30000}, unhandledPromptBehavior: dismiss and notify, webauthn:extension:credBlob: true, webauthn:extension:largeBlob: true, webauthn:extension:minPinLength: true, webauthn:extension:prf: true, webauthn:virtualAuthenticators: true}\nSession ID: 22ef42211472e56980eac170c1f826f3\r\n\tat org.openqa.selenium.remote.RemoteWebDriver.execute(RemoteWebDriver.java:545)\r\n\tat org.openqa.selenium.remote.RemoteWebDriver.execute(RemoteWebDriver.java:591)\r\n\tat org.openqa.selenium.remote.RemoteWebDriver.execute(RemoteWebDriver.java:595)\r\n\tat org.openqa.selenium.remote.RemoteWebDriver$RemoteWebDriverOptions.deleteAllCookies(RemoteWebDriver.java:855)\r\n\tat myHooks.Hooks.setup(Hooks.java:37)\r\nCaused by: java.io.UncheckedIOException: java.io.IOException: HTTP/1.1 header parser received no bytes\r\n\tat org.openqa.selenium.remote.http.jdk.JdkHttpClient.execute0(JdkHttpClient.java:439)\r\n\tat org.openqa.selenium.remote.http.AddSeleniumUserAgent.lambda$apply$0(AddSeleniumUserAgent.java:42)\r\n\tat org.openqa.selenium.remote.http.Filter.lambda$andFinally$1(Filter.java:55)\r\n\tat org.openqa.selenium.remote.http.jdk.JdkHttpClient.execute(JdkHttpClient.java:355)\r\n\tat org.openqa.selenium.remote.HttpCommandExecutor.execute(HttpCommandExecutor.java:187)\r\n\tat org.openqa.selenium.remote.service.DriverCommandExecutor.invokeExecute(DriverCommandExecutor.java:216)\r\n\tat org.openqa.selenium.remote.service.DriverCommandExecutor.execute(DriverCommandExecutor.java:174)\r\n\tat org.openqa.selenium.remote.RemoteWebDriver.execute(RemoteWebDriver.java:518)\r\n\tat org.openqa.selenium.remote.RemoteWebDriver.execute(RemoteWebDriver.java:591)\r\n\tat org.openqa.selenium.remote.RemoteWebDriver.execute(RemoteWebDriver.java:595)\r\n\tat org.openqa.selenium.remote.RemoteWebDriver$RemoteWebDriverOptions.deleteAllCookies(RemoteWebDriver.java:855)\r\n\tat myHooks.Hooks.setup(Hooks.java:37)\r\n\tat java.base/jdk.internal.reflect.DirectMethodHandleAccessor.invoke(DirectMethodHandleAccessor.java:104)\r\n\tat java.base/java.lang.reflect.Method.invoke(Method.java:578)\r\n\tat io.cucumber.java.Invoker.doInvoke(Invoker.java:66)\r\n\tat io.cucumber.java.Invoker.invokeStatic(Invoker.java:80)\r\n\tat io.cucumber.java.AbstractGlueDefinition.invokeMethod(AbstractGlueDefinition.java:45)\r\n\tat io.cucumber.java.JavaHookDefinition.execute(JavaHookDefinition.java:64)\r\n\tat io.cucumber.core.runner.CoreHookDefinition.execute(CoreHookDefinition.java:46)\r\n\tat io.cucumber.core.runner.HookDefinitionMatch.runStep(HookDefinitionMatch.java:21)\r\n\tat io.cucumber.core.runner.ExecutionMode$1.execute(ExecutionMode.java:10)\r\n\tat io.cucumber.core.runner.TestStep.executeStep(TestStep.java:81)\r\n\tat io.cucumber.core.runner.TestStep.run(TestStep.java:53)\r\n\tat io.cucumber.core.runner.TestCase.run(TestCase.java:78)\r\n\tat io.cucumber.core.runner.Runner.runPickle(Runner.java:75)\r\n\tat io.cucumber.junit.PickleRunners$NoStepDescriptions.lambda$run$0(PickleRunners.java:151)\r\n\tat io.cucumber.core.runtime.CucumberExecutionContext.lambda$runTestCase$5(CucumberExecutionContext.java:136)\r\n\tat io.cucumber.core.runtime.RethrowingThrowableCollector.executeAndThrow(RethrowingThrowableCollector.java:23)\r\n\tat io.cucumber.core.runtime.CucumberExecutionContext.runTestCase(CucumberExecutionContext.java:136)\r\n\tat io.cucumber.junit.PickleRunners$NoStepDescriptions.run(PickleRunners.java:148)\r\n\tat io.cucumber.junit.FeatureRunner.runChild(FeatureRunner.java:144)\r\n\tat io.cucumber.junit.FeatureRunner.runChild(FeatureRunner.java:28)\r\n\tat org.junit.runners.ParentRunner$4.run(ParentRunner.java:331)\r\n\tat org.junit.runners.ParentRunner$1.schedule(ParentRunner.java:79)\r\n\tat org.junit.runners.ParentRunner.runChildren(ParentRunner.java:329)\r\n\tat org.junit.runners.ParentRunner.access$100(ParentRunner.java:66)\r\n\tat org.junit.runners.ParentRunner$2.evaluate(ParentRunner.java:293)\r\n\tat org.junit.runners.ParentRunner$3.evaluate(ParentRunner.java:306)\r\n\tat org.junit.runners.ParentRunner.run(ParentRunner.java:413)\r\n\tat io.cucumber.junit.FeatureRunner.run(FeatureRunner.java:137)\r\n\tat io.cucumber.junit.Cucumber.runChild(Cucumber.java:196)\r\n\tat io.cucumber.junit.Cucumber.runChild(Cucumber.java:89)\r\n\tat org.junit.runners.ParentRunner$4.run(ParentRunner.java:331)\r\n\tat org.junit.runners.ParentRunner$1.schedule(ParentRunner.java:79)\r\n\tat org.junit.runners.ParentRunner.runChildren(ParentRunner.java:329)\r\n\tat org.junit.runners.ParentRunner.access$100(ParentRunner.java:66)\r\n\tat org.junit.runners.ParentRunner$2.evaluate(ParentRunner.java:293)\r\n\tat io.cucumber.core.runtime.CucumberExecutionContext.lambda$runFeatures$6(CucumberExecutionContext.java:147)\r\n\tat io.cucumber.core.runtime.CucumberExecutionContext.execute(CucumberExecutionContext.java:162)\r\n\tat io.cucumber.core.runtime.CucumberExecutionContext.runFeatures(CucumberExecutionContext.java:145)\r\n\tat io.cucumber.junit.Cucumber$StartAndFinishTestRun.evaluate(Cucumber.java:226)\r\n\tat org.junit.runners.ParentRunner$3.evaluate(ParentRunner.java:306)\r\n\tat org.junit.runners.ParentRunner.run(ParentRunner.java:413)\r\n\tat org.apache.maven.surefire.junit4.JUnit4Provider.execute(JUnit4Provider.java:365)\r\n\tat org.apache.maven.surefire.junit4.JUnit4Provider.executeWithRerun(JUnit4Provider.java:273)\r\n\tat org.apache.maven.surefire.junit4.JUnit4Provider.executeTestSet(JUnit4Provider.java:238)\r\n\tat org.apache.maven.surefire.junit4.JUnit4Provider.invoke(JUnit4Provider.java:159)\r\n\tat org.apache.maven.surefire.booter.ForkedBooter.invokeProviderInSameClassLoader(ForkedBooter.java:384)\r\n\tat org.apache.maven.surefire.booter.ForkedBooter.runSuitesInProcess(ForkedBooter.java:345)\r\n\tat org.apache.maven.surefire.booter.ForkedBooter.execute(ForkedBooter.java:126)\r\n\tat org.apache.maven.surefire.booter.ForkedBooter.main(ForkedBooter.java:418)\r\nCaused by: java.io.IOException: HTTP/1.1 header parser received no bytes\r\n\tat java.net.http/jdk.internal.net.http.common.Utils.wrapWithExtraDetail(Utils.java:348)\r\n\tat java.net.http/jdk.internal.net.http.Http1Response$HeadersReader.onReadError(Http1Response.java:574)\r\n\tat java.net.http/jdk.internal.net.http.Http1AsyncReceiver.checkForErrors(Http1AsyncReceiver.java:302)\r\n\tat java.net.http/jdk.internal.net.http.Http1AsyncReceiver.flush(Http1AsyncReceiver.java:268)\r\n\tat java.net.http/jdk.internal.net.http.common.SequentialScheduler$LockingRestartableTask.run(SequentialScheduler.java:205)\r\n\tat java.net.http/jdk.internal.net.http.common.SequentialScheduler$CompleteRestartableTask.run(SequentialScheduler.java:149)\r\n\tat java.net.http/jdk.internal.net.http.common.SequentialScheduler$SchedulableTask.run(SequentialScheduler.java:230)\r\n\tat java.base/java.util.concurrent.ThreadPoolExecutor.runWorker(ThreadPoolExecutor.java:1144)\r\n\tat java.base/java.util.concurrent.ThreadPoolExecutor$Worker.run(ThreadPoolExecutor.java:642)\r\n\tat java.base/java.lang.Thread.run(Thread.java:1623)\r\nCaused by: java.net.SocketException: Connection reset\r\n\tat java.base/sun.nio.ch.SocketChannelImpl.throwConnectionReset(SocketChannelImpl.java:401)\r\n\tat java.base/sun.nio.ch.SocketChannelImpl.read(SocketChannelImpl.java:434)\r\n\tat java.net.http/jdk.internal.net.http.SocketTube.readAvailable(SocketTube.java:1178)\r\n\tat java.net.http/jdk.internal.net.http.SocketTube$InternalReadPublisher$InternalReadSubscription.read(SocketTube.java:841)\r\n\tat java.net.http/jdk.internal.net.http.SocketTube$SocketFlowTask.run(SocketTube.java:181)\r\n\tat java.net.http/jdk.internal.net.http.common.SequentialScheduler$SchedulableTask.run(SequentialScheduler.java:230)\r\n\tat java.net.http/jdk.internal.net.http.common.SequentialScheduler.runOrSchedule(SequentialScheduler.java:303)\r\n\tat java.net.http/jdk.internal.net.http.common.SequentialScheduler.runOrSchedule(SequentialScheduler.java:256)\r\n\tat java.net.http/jdk.internal.net.http.SocketTube$InternalReadPublisher$InternalReadSubscription.signalReadable(SocketTube.java:782)\r\n\tat java.net.http/jdk.internal.net.http.SocketTube$InternalReadPublisher$ReadEvent.signalEvent(SocketTube.java:965)\r\n\tat java.net.http/jdk.internal.net.http.SocketTube$SocketFlowEvent.handle(SocketTube.java:253)\r\n\tat java.net.http/jdk.internal.net.http.HttpClientImpl$SelectorManager.handleEvent(HttpClientImpl.java:1390)\r\n\tat java.net.http/jdk.internal.net.http.HttpClientImpl$SelectorManager.lambda$run$3(HttpClientImpl.java:1335)\r\n\tat java.base/java.util.ArrayList.forEach(ArrayList.java:1511)\r\n\tat java.net.http/jdk.internal.net.http.HttpClientImpl$SelectorManager.run(HttpClientImpl.java:1335)\r\n"}},"timestamp":{"seconds":1723023399,"nanos":87174200}}},{"testStepStarted":{"testCaseStartedId":"84a25193-8a31-447a-ad02-b60b974b4b14","testStepId":"81f64e6e-416d-4b81-a216-0cd24bacc18a","timestamp":{"seconds":1723023399,"nanos":95154000}}},{"testStepFinished":{"testCaseStartedId":"84a25193-8a31-447a-ad02-b60b974b4b14","testStepId":"81f64e6e-416d-4b81-a216-0cd24bacc18a","testStepResult":{"duration":{"seconds":0,"nanos":0},"status":"SKIPPED"},"timestamp":{"seconds":1723023399,"nanos":95154000}}},{"testStepStarted":{"testCaseStartedId":"84a25193-8a31-447a-ad02-b60b974b4b14","testStepId":"02817510-5f38-4104-89dc-c4ede66dbccc","timestamp":{"seconds":1723023399,"nanos":98152000}}},{"testStepFinished":{"testCaseStartedId":"84a25193-8a31-447a-ad02-b60b974b4b14","testStepId":"02817510-5f38-4104-89dc-c4ede66dbccc","testStepResult":{"duration":{"seconds":0,"nanos":989600},"status":"SKIPPED"},"timestamp":{"seconds":1723023399,"nanos":99141600}}},{"testStepStarted":{"testCaseStartedId":"84a25193-8a31-447a-ad02-b60b974b4b14","testStepId":"c3a9c0cc-48d4-43bb-b2c3-c214b9dda1aa","timestamp":{"seconds":1723023399,"nanos":100139500}}},{"testStepFinished":{"testCaseStartedId":"84a25193-8a31-447a-ad02-b60b974b4b14","testStepId":"c3a9c0cc-48d4-43bb-b2c3-c214b9dda1aa","testStepResult":{"duration":{"seconds":0,"nanos":0},"status":"SKIPPED"},"timestamp":{"seconds":1723023399,"nanos":100139500}}},{"testStepStarted":{"testCaseStartedId":"84a25193-8a31-447a-ad02-b60b974b4b14","testStepId":"fd453024-3d67-49c3-8228-fdeef4cd369e","timestamp":{"seconds":1723023399,"nanos":102137500}}},{"testStepFinished":{"testCaseStartedId":"84a25193-8a31-447a-ad02-b60b974b4b14","testStepId":"fd453024-3d67-49c3-8228-fdeef4cd369e","testStepResult":{"duration":{"seconds":0,"nanos":0},"status":"SKIPPED"},"timestamp":{"seconds":1723023399,"nanos":102137500}}},{"testStepStarted":{"testCaseStartedId":"84a25193-8a31-447a-ad02-b60b974b4b14","testStepId":"40364d13-b186-416d-a373-5b5caaf23173","timestamp":{"seconds":1723023399,"nanos":104130300}}},{"testStepFinished":{"testCaseStartedId":"84a25193-8a31-447a-ad02-b60b974b4b14","testStepId":"40364d13-b186-416d-a373-5b5caaf23173","testStepResult":{"duration":{"seconds":0,"nanos":0},"status":"SKIPPED"},"timestamp":{"seconds":1723023399,"nanos":104130300}}},{"testStepStarted":{"testCaseStartedId":"84a25193-8a31-447a-ad02-b60b974b4b14","testStepId":"441de577-848a-47fc-afdb-4b51162cca33","timestamp":{"seconds":1723023399,"nanos":106124300}}},{"testStepFinished":{"testCaseStartedId":"84a25193-8a31-447a-ad02-b60b974b4b14","testStepId":"441de577-848a-47fc-afdb-4b51162cca33","testStepResult":{"duration":{"seconds":0,"nanos":4986300},"message":"Error communicating with the remote browser. It may have died.\nBuild info: version: '4.22.0', revision: 'c5f3146703*'\nSystem info: os.name: 'Windows 10', os.arch: 'amd64', os.version: '10.0', java.version: '20.0.1'\nDriver info: org.openqa.selenium.chrome.ChromeDriver\nCommand: [22ef42211472e56980eac170c1f826f3, screenshot []]\nCapabilities {acceptInsecureCerts: false, browserName: chrome, browserVersion: 127.0.6533.90, chrome: {chromedriverVersion: 127.0.6533.88 (a2d0cb026721..., userDataDir: C:\\Users\\Test\\AppData\\Local...}, fedcm:accounts: true, goog:chromeOptions: {debuggerAddress: localhost:50139}, networkConnectionEnabled: false, pageLoadStrategy: normal, platformName: windows, proxy: Proxy(), se:cdp: ws://localhost:50139/devtoo..., se:cdpVersion: 127.0.6533.90, setWindowRect: true, strictFileInteractability: false, timeouts: {implicit: 0, pageLoad: 300000, script: 30000}, unhandledPromptBehavior: dismiss and notify, webauthn:extension:credBlob: true, webauthn:extension:largeBlob: true, webauthn:extension:minPinLength: true, webauthn:extension:prf: true, webauthn:virtualAuthenticators: true}\nSession ID: 22ef42211472e56980eac170c1f826f3","status":"FAILED","exception":{"type":"org.openqa.selenium.remote.UnreachableBrowserException","message":"Error communicating with the remote browser. It may have died.\nBuild info: version: '4.22.0', revision: 'c5f3146703*'\nSystem info: os.name: 'Windows 10', os.arch: 'amd64', os.version: '10.0', java.version: '20.0.1'\nDriver info: org.openqa.selenium.chrome.ChromeDriver\nCommand: [22ef42211472e56980eac170c1f826f3, screenshot []]\nCapabilities {acceptInsecureCerts: false, browserName: chrome, browserVersion: 127.0.6533.90, chrome: {chromedriverVersion: 127.0.6533.88 (a2d0cb026721..., userDataDir: C:\\Users\\Test\\AppData\\Local...}, fedcm:accounts: true, goog:chromeOptions: {debuggerAddress: localhost:50139}, networkConnectionEnabled: false, pageLoadStrategy: normal, platformName: windows, proxy: Proxy(), se:cdp: ws://localhost:50139/devtoo..., se:cdpVersion: 127.0.6533.90, setWindowRect: true, strictFileInteractability: false, timeouts: {implicit: 0, pageLoad: 300000, script: 30000}, unhandledPromptBehavior: dismiss and notify, webauthn:extension:credBlob: true, webauthn:extension:largeBlob: true, webauthn:extension:minPinLength: true, webauthn:extension:prf: true, webauthn:virtualAuthenticators: true}\nSession ID: 22ef42211472e56980eac170c1f826f3","stackTrace":"org.openqa.selenium.remote.UnreachableBrowserException: Error communicating with the remote browser. It may have died.\nBuild info: version: '4.22.0', revision: 'c5f3146703*'\nSystem info: os.name: 'Windows 10', os.arch: 'amd64', os.version: '10.0', java.version: '20.0.1'\nDriver info: org.openqa.selenium.chrome.ChromeDriver\nCommand: [22ef42211472e56980eac170c1f826f3, screenshot []]\nCapabilities {acceptInsecureCerts: false, browserName: chrome, browserVersion: 127.0.6533.90, chrome: {chromedriverVersion: 127.0.6533.88 (a2d0cb026721..., userDataDir: C:\\Users\\Test\\AppData\\Local...}, fedcm:accounts: true, goog:chromeOptions: {debuggerAddress: localhost:50139}, networkConnectionEnabled: false, pageLoadStrategy: normal, platformName: windows, proxy: Proxy(), se:cdp: ws://localhost:50139/devtoo..., se:cdpVersion: 127.0.6533.90, setWindowRect: true, strictFileInteractability: false, timeouts: {implicit: 0, pageLoad: 300000, script: 30000}, unhandledPromptBehavior: dismiss and notify, webauthn:extension:credBlob: true, webauthn:extension:largeBlob: true, webauthn:extension:minPinLength: true, webauthn:extension:prf: true, webauthn:virtualAuthenticators: true}\nSession ID: 22ef42211472e56980eac170c1f826f3\r\n\tat org.openqa.selenium.remote.RemoteWebDriver.execute(RemoteWebDriver.java:545)\r\n\tat org.openqa.selenium.remote.RemoteWebDriver.execute(RemoteWebDriver.java:591)\r\n\tat org.openqa.selenium.remote.RemoteWebDriver.execute(RemoteWebDriver.java:595)\r\n\tat org.openqa.selenium.remote.RemoteWebDriver.getScreenshotAs(RemoteWebDriver.java:321)\r\n\tat myHooks.Hooks.tearDown(Hooks.java:67)\r\nCaused by: java.io.UncheckedIOException: java.net.ConnectException\r\n\tat org.openqa.selenium.remote.http.jdk.JdkHttpClient.execute0(JdkHttpClient.java:439)\r\n\tat org.openqa.selenium.remote.http.AddSeleniumUserAgent.lambda$apply$0(AddSeleniumUserAgent.java:42)\r\n\tat org.openqa.selenium.remote.http.Filter.lambda$andFinally$1(Filter.java:55)\r\n\tat org.openqa.selenium.remote.http.jdk.JdkHttpClient.execute(JdkHttpClient.java:355)\r\n\tat org.openqa.selenium.remote.HttpCommandExecutor.execute(HttpCommandExecutor.java:187)\r\n\tat org.openqa.selenium.remote.service.DriverCommandExecutor.invokeExecute(DriverCommandExecutor.java:216)\r\n\tat org.openqa.selenium.remote.service.DriverCommandExecutor.execute(DriverCommandExecutor.java:174)\r\n\tat org.openqa.selenium.remote.RemoteWebDriver.execute(RemoteWebDriver.java:518)\r\n\tat org.openqa.selenium.remote.RemoteWebDriver.execute(RemoteWebDriver.java:591)\r\n\tat org.openqa.selenium.remote.RemoteWebDriver.execute(RemoteWebDriver.java:595)\r\n\tat org.openqa.selenium.remote.RemoteWebDriver.getScreenshotAs(RemoteWebDriver.java:321)\r\n\tat myHooks.Hooks.tearDown(Hooks.java:67)\r\n\tat java.base/jdk.internal.reflect.DirectMethodHandleAccessor.invoke(DirectMethodHandleAccessor.java:104)\r\n\tat java.base/java.lang.reflect.Method.invoke(Method.java:578)\r\n\tat io.cucumber.java.Invoker.doInvoke(Invoker.java:66)\r\n\tat io.cucumber.java.Invoker.invokeStatic(Invoker.java:80)\r\n\tat io.cucumber.java.AbstractGlueDefinition.invokeMethod(AbstractGlueDefinition.java:45)\r\n\tat io.cucumber.java.JavaHookDefinition.execute(JavaHookDefinition.java:64)\r\n\tat io.cucumber.core.runner.CoreHookDefinition.execute(CoreHookDefinition.java:46)\r\n\tat io.cucumber.core.runner.HookDefinitionMatch.runStep(HookDefinitionMatch.java:21)\r\n\tat io.cucumber.core.runner.ExecutionMode$1.execute(ExecutionMode.java:10)\r\n\tat io.cucumber.core.runner.TestStep.executeStep(TestStep.java:81)\r\n\tat io.cucumber.core.runner.TestStep.run(TestStep.java:53)\r\n\tat io.cucumber.core.runner.TestCase.run(TestCase.java:90)\r\n\tat io.cucumber.core.runner.Runner.runPickle(Runner.java:75)\r\n\tat io.cucumber.junit.PickleRunners$NoStepDescriptions.lambda$run$0(PickleRunners.java:151)\r\n\tat io.cucumber.core.runtime.CucumberExecutionContext.lambda$runTestCase$5(CucumberExecutionContext.java:136)\r\n\tat io.cucumber.core.runtime.RethrowingThrowableCollector.executeAndThrow(RethrowingThrowableCollector.java:23)\r\n\tat io.cucumber.core.runtime.CucumberExecutionContext.runTestCase(CucumberExecutionContext.java:136)\r\n\tat io.cucumber.junit.PickleRunners$NoStepDescriptions.run(PickleRunners.java:148)\r\n\tat io.cucumber.junit.FeatureRunner.runChild(FeatureRunner.java:144)\r\n\tat io.cucumber.junit.FeatureRunner.runChild(FeatureRunner.java:28)\r\n\tat org.junit.runners.ParentRunner$4.run(ParentRunner.java:331)\r\n\tat org.junit.runners.ParentRunner$1.schedule(ParentRunner.java:79)\r\n\tat org.junit.runners.ParentRunner.runChildren(ParentRunner.java:329)\r\n\tat org.junit.runners.ParentRunner.access$100(ParentRunner.java:66)\r\n\tat org.junit.runners.ParentRunner$2.evaluate(ParentRunner.java:293)\r\n\tat org.junit.runners.ParentRunner$3.evaluate(ParentRunner.java:306)\r\n\tat org.junit.runners.ParentRunner.run(ParentRunner.java:413)\r\n\tat io.cucumber.junit.FeatureRunner.run(FeatureRunner.java:137)\r\n\tat io.cucumber.junit.Cucumber.runChild(Cucumber.java:196)\r\n\tat io.cucumber.junit.Cucumber.runChild(Cucumber.java:89)\r\n\tat org.junit.runners.ParentRunner$4.run(ParentRunner.java:331)\r\n\tat org.junit.runners.ParentRunner$1.schedule(ParentRunner.java:79)\r\n\tat org.junit.runners.ParentRunner.runChildren(ParentRunner.java:329)\r\n\tat org.junit.runners.ParentRunner.access$100(ParentRunner.java:66)\r\n\tat org.junit.runners.ParentRunner$2.evaluate(ParentRunner.java:293)\r\n\tat io.cucumber.core.runtime.CucumberExecutionContext.lambda$runFeatures$6(CucumberExecutionContext.java:147)\r\n\tat io.cucumber.core.runtime.CucumberExecutionContext.execute(CucumberExecutionContext.java:162)\r\n\tat io.cucumber.core.runtime.CucumberExecutionContext.runFeatures(CucumberExecutionContext.java:145)\r\n\tat io.cucumber.junit.Cucumber$StartAndFinishTestRun.evaluate(Cucumber.java:226)\r\n\tat org.junit.runners.ParentRunner$3.evaluate(ParentRunner.java:306)\r\n\tat org.junit.runners.ParentRunner.run(ParentRunner.java:413)\r\n\tat org.apache.maven.surefire.junit4.JUnit4Provider.execute(JUnit4Provider.java:365)\r\n\tat org.apache.maven.surefire.junit4.JUnit4Provider.executeWithRerun(JUnit4Provider.java:273)\r\n\tat org.apache.maven.surefire.junit4.JUnit4Provider.executeTestSet(JUnit4Provider.java:238)\r\n\tat org.apache.maven.surefire.junit4.JUnit4Provider.invoke(JUnit4Provider.java:159)\r\n\tat org.apache.maven.surefire.booter.ForkedBooter.invokeProviderInSameClassLoader(ForkedBooter.java:384)\r\n\tat org.apache.maven.surefire.booter.ForkedBooter.runSuitesInProcess(ForkedBooter.java:345)\r\n\tat org.apache.maven.surefire.booter.ForkedBooter.execute(ForkedBooter.java:126)\r\n\tat org.apache.maven.surefire.booter.ForkedBooter.main(ForkedBooter.java:418)\r\nCaused by: java.net.ConnectException\r\n\tat java.net.http/jdk.internal.net.http.common.Utils.toConnectException(Utils.java:1053)\r\n\tat java.net.http/jdk.internal.net.http.PlainHttpConnection.connectAsync(PlainHttpConnection.java:224)\r\n\tat java.net.http/jdk.internal.net.http.PlainHttpConnection.checkRetryConnect(PlainHttpConnection.java:259)\r\n\tat java.net.http/jdk.internal.net.http.PlainHttpConnection.lambda$connectAsync$2(PlainHttpConnection.java:235)\r\n\tat java.base/java.util.concurrent.CompletableFuture.uniHandle(CompletableFuture.java:934)\r\n\tat java.base/java.util.concurrent.CompletableFuture$UniHandle.tryFire(CompletableFuture.java:911)\r\n\tat java.base/java.util.concurrent.CompletableFuture.postComplete(CompletableFuture.java:510)\r\n\tat java.base/java.util.concurrent.CompletableFuture$AsyncSupply.run(CompletableFuture.java:1773)\r\n\tat java.base/java.util.concurrent.ThreadPoolExecutor.runWorker(ThreadPoolExecutor.java:1144)\r\n\tat java.base/java.util.concurrent.ThreadPoolExecutor$Worker.run(ThreadPoolExecutor.java:642)\r\n\tat java.base/java.lang.Thread.run(Thread.java:1623)\r\nCaused by: java.nio.channels.ClosedChannelException\r\n\tat java.base/sun.nio.ch.SocketChannelImpl.ensureOpen(SocketChannelImpl.java:202)\r\n\tat java.base/sun.nio.ch.SocketChannelImpl.beginConnect(SocketChannelImpl.java:786)\r\n\tat java.base/sun.nio.ch.SocketChannelImpl.connect(SocketChannelImpl.java:874)\r\n\tat java.net.http/jdk.internal.net.http.PlainHttpConnection.lambda$connectAsync$1(PlainHttpConnection.java:208)\r\n\tat java.base/java.security.AccessController.doPrivileged(AccessController.java:571)\r\n\tat java.net.http/jdk.internal.net.http.PlainHttpConnection.connectAsync(PlainHttpConnection.java:210)\r\n\t... 9 more\r\n"}},"timestamp":{"seconds":1723023399,"nanos":111110600}}},{"testCaseFinished":{"testCaseStartedId":"84a25193-8a31-447a-ad02-b60b974b4b14","timestamp":{"seconds":1723023399,"nanos":117096800},"willBeRetried":false}},{"testCase":{"id":"3c70a191-20d0-4e7c-a5d3-fe3fda788664","pickleId":"461f80c8-b539-44ae-a65b-c5470957eb4c","testSteps":[{"hookId":"866d4bf4-0cf6-41d6-b9de-52561667ae8e","id":"4384efab-f934-4934-a9d4-cddcb991c4ad"},{"id":"986e78b6-c20d-4fa4-975f-31c80ef84bdb","pickleStepId":"87d17049-fef1-4c78-80c5-d667f6f88e37","stepDefinitionIds":["2a633e51-5e33-4c38-afec-aa4f717e3cef"],"stepMatchArgumentsLists":[{"stepMatchArguments":[]}]},{"id":"a2860e3e-df02-4e9d-a63c-b7b9d82d488d","pickleStepId":"342d0860-7d9c-4fce-a01d-90c9266c4142","stepDefinitionIds":["70903758-6d31-4426-a789-187d63243394"],"stepMatchArgumentsLists":[{"stepMatchArguments":[]}]},{"id":"f950a070-b899-4615-a8bf-57187036cc11","pickleStepId":"5d0dec76-abf9-49a4-b5de-778e9909ee0b","stepDefinitionIds":["e19bf86c-495f-4dff-b1dd-8ad21500573f"],"stepMatchArgumentsLists":[{"stepMatchArguments":[]}]},{"id":"5899bed8-ba66-4597-a7b1-25c8c6f54f8c","pickleStepId":"73243a16-f497-4331-9d71-54f1a963f08d","stepDefinitionIds":["9fb073f4-3462-4d17-9db5-f5eb7cfc05c2"],"stepMatchArgumentsLists":[{"stepMatchArguments":[]}]},{"id":"9a835151-598e-47d2-a2fe-2cc0881085cd","pickleStepId":"e5d0615f-8d2a-443f-9f2c-a27c52679ccb","stepDefinitionIds":["b5610cab-63f9-4b83-a335-135a22d01334"],"stepMatchArgumentsLists":[{"stepMatchArguments":[]}]},{"hookId":"b983f373-aff1-41c1-921c-34e6410fc8c9","id":"1732f630-3778-4ba1-981f-8e70f8465eea"}]}},{"testCaseStarted":{"attempt":0,"id":"c8f6310c-21af-45ba-b9d3-2e386002c21f","testCaseId":"3c70a191-20d0-4e7c-a5d3-fe3fda788664","workerId":"main","timestamp":{"seconds":1723023399,"nanos":133054900}}},{"testStepStarted":{"testCaseStartedId":"c8f6310c-21af-45ba-b9d3-2e386002c21f","testStepId":"4384efab-f934-4934-a9d4-cddcb991c4ad","timestamp":{"seconds":1723023399,"nanos":135050500}}},{"testStepFinished":{"testCaseStartedId":"c8f6310c-21af-45ba-b9d3-2e386002c21f","testStepId":"4384efab-f934-4934-a9d4-cddcb991c4ad","testStepResult":{"duration":{"seconds":5,"nanos":350470200},"status":"PASSED"},"timestamp":{"seconds":1723023404,"nanos":485520700}}},{"testStepStarted":{"testCaseStartedId":"c8f6310c-21af-45ba-b9d3-2e386002c21f","testStepId":"986e78b6-c20d-4fa4-975f-31c80ef84bdb","timestamp":{"seconds":1723023404,"nanos":486517800}}}